#
# There is insufficient memory for the Java Runtime Environment to continue.
# Native memory allocation (mmap) failed to map 266338304 bytes for G1 virtual space
# Possible reasons:
#   The system is out of physical RAM or swap space
#   The process is running with CompressedOops enabled, and the Java Heap may be blocking the growth of the native heap
# Possible solutions:
#   Reduce memory load on the system
#   Increase physical memory or swap space
#   Check if swap backing store is full
#   Decrease Java heap size (-Xmx/-Xms)
#   Decrease number of Java threads
#   Decrease Java thread stack sizes (-Xss)
#   Set larger code cache with -XX:ReservedCodeCacheSize=
#   JVM is running with Zero Based Compressed Oops mode in which the Java heap is
#     placed in the first 32GB address space. The Java Heap base address is the
#     maximum limit for the native heap growth. Please use -XX:HeapBaseMinAddress
#     to set the Java Heap base and to place the Java Heap above 32GB virtual address.
# This output file may be truncated or incomplete.
#
#  Out of Memory Error (os_windows.cpp:3469), pid=2252, tid=15432
#
# JRE version:  (17.0.1+12) (build )
# Java VM: OpenJDK 64-Bit Server VM (17.0.1+12-39, mixed mode, sharing, tiered, compressed oops, compressed class ptrs, g1 gc, windows-amd64)
# No core dump will be written. Minidumps are not enabled by default on client versions of Windows
#

---------------  S U M M A R Y ------------

Command Line: -Dmaven.multiModuleProjectDirectory=C:\Users\Admin\Desktop\свнаю 3 йспя\springboot\service-users -Dmaven.home=C:\Program Files\JetBrains\IntelliJ IDEA 2021.3\plugins\maven\lib\maven3 -Dclassworlds.conf=C:\Program Files\JetBrains\IntelliJ IDEA 2021.3\plugins\maven\lib\maven3\bin\m2.conf -Dmaven.ext.class.path=C:\Program Files\JetBrains\IntelliJ IDEA 2021.3\plugins\maven\lib\maven-event-listener.jar -javaagent:C:\Program Files\JetBrains\IntelliJ IDEA 2021.3\lib\idea_rt.jar=58343:C:\Program Files\JetBrains\IntelliJ IDEA 2021.3\bin -Dfile.encoding=UTF-8 org.codehaus.classworlds.Launcher -Didea.version=2021.3 -DskipTests=true install

Host: Intel(R) Core(TM) i5-9300H CPU @ 2.40GHz, 8 cores, 15G,  Windows 10 , 64 bit Build 19041 (10.0.19041.1348)
Time: Mon Dec 27 13:23:02 2021  Windows 10 , 64 bit Build 19041 (10.0.19041.1348) elapsed time: 0.013057 seconds (0d 0h 0m 0s)

---------------  T H R E A D  ---------------

Current thread (0x0000020fa989e470):  JavaThread "Unknown thread" [_thread_in_vm, id=15432, stack(0x000000dacbb00000,0x000000dacbc00000)]

Stack: [0x000000dacbb00000,0x000000dacbc00000]
Native frames: (J=compiled Java code, j=interpreted, Vv=VM code, C=native code)
V  [jvm.dll+0x66fa1a]
V  [jvm.dll+0x7ce5a4]
V  [jvm.dll+0x7cfd4e]
V  [jvm.dll+0x7d03b3]
V  [jvm.dll+0x242b05]
V  [jvm.dll+0x66ca39]
V  [jvm.dll+0x661502]
V  [jvm.dll+0x30081b]
V  [jvm.dll+0x307da6]
V  [jvm.dll+0x357a1e]
V  [jvm.dll+0x357c4f]
V  [jvm.dll+0x2d7ad8]
V  [jvm.dll+0x2d8a44]
V  [jvm.dll+0x7a01e1]
V  [jvm.dll+0x365791]
V  [jvm.dll+0x77f6cc]
V  [jvm.dll+0x3e812f]
V  [jvm.dll+0x3e9bd1]
C  [jli.dll+0x527b]
C  [ucrtbase.dll+0x21bb2]
C  [KERNEL32.DLL+0x17034]
C  [ntdll.dll+0x52651]


---------------  P R O C E S S  ---------------

Threads class SMR info:
_java_thread_list=0x00007ff8d1c47818, length=0, elements={
}

Java Threads: ( => current thread )

Other Threads:
  0x0000020fa98edaa0 GCTaskThread "GC Thread#0" [stack: 0x000000dacbc00000,0x000000dacbd00000] [id=6284]
  0x0000020fa98ff780 ConcurrentGCThread "G1 Main Marker" [stack: 0x000000dacbd00000,0x000000dacbe00000] [id=15612]
  0x0000020fa9900190 ConcurrentGCThread "G1 Conc#0" [stack: 0x000000dacbe00000,0x000000dacbf00000] [id=15892]

[error occurred during error reporting (printing all threads), id 0xc0000005, EXCEPTION_ACCESS_VIOLATION (0xc0000005) at pc=0x00007ff8d14984b7]

VM state: not at safepoint (not fully initialized)

VM Mutex/Monitor currently owned by a thread:  ([mutex/lock_event])
[0x0000020fa9899ee0] Heap_lock - owner thread: 0x0000020fa989e470

Heap address: 0x0000000702600000, size: 4058 MB, Compressed Oops mode: Zero based, Oop shift amount: 3

CDS archive(s) mapped at: [0x0000000000000000-0x0000000000000000-0x0000000000000000), size 0, SharedBaseAddress: 0x0000000800000000, ArchiveRelocationMode: 0.
Narrow klass base: 0x0000000000000000, Narrow klass shift: 0, Narrow klass range: 0x0

GC Precious Log:
<Empty>

Heap:
 garbage-first heap   total 0K, used 0K [0x0000000702600000, 0x0000000800000000)
  region size 2048K, 0 young (0K), 0 survivors (0K)

[error occurred during error reporting (printing heap information), id 0xc0000005, EXCEPTION_ACCESS_VIOLATION (0xc0000005) at pc=0x00007ff8d1878d89]

GC Heap History (0 events):
No events

Deoptimization events (0 events):
No events

Classes unloaded (0 events):
No events

Classes redefined (0 events):
No events

Internal exceptions (0 events):
No events

VM Operations (0 events):
No events

Events (1 events):
Event: 0.008 Loaded shared library C:\Users\Admin\.jdks\openjdk-17.0.1\bin\java.dll


Dynamic libraries:
0x00007ff742990000 - 0x00007ff74299e000 	C:\Users\Admin\.jdks\openjdk-17.0.1\bin\java.exe
0x00007ff957230000 - 0x00007ff957425000 	C:\WINDOWS\SYSTEM32\ntdll.dll
0x00007ff9553c0000 - 0x00007ff95547e000 	C:\WINDOWS\System32\KERNEL32.DLL
0x00007ff954b90000 - 0x00007ff954e58000 	C:\WINDOWS\System32\KERNELBASE.dll
0x00007ff9549d0000 - 0x00007ff954ad0000 	C:\WINDOWS\System32\ucrtbase.dll
0x00007ff92d680000 - 0x00007ff92d69a000 	C:\Users\Admin\.jdks\openjdk-17.0.1\bin\VCRUNTIME140.dll
0x00007ff937db0000 - 0x00007ff937dc8000 	C:\Users\Admin\.jdks\openjdk-17.0.1\bin\jli.dll
0x00007ff93ff00000 - 0x00007ff94019a000 	C:\WINDOWS\WinSxS\amd64_microsoft.windows.common-controls_6595b64144ccf1df_6.0.19041.1110_none_60b5254171f9507e\COMCTL32.dll
0x00007ff956910000 - 0x00007ff956ab1000 	C:\WINDOWS\System32\USER32.dll
0x00007ff955750000 - 0x00007ff9557ee000 	C:\WINDOWS\System32\msvcrt.dll
0x00007ff954940000 - 0x00007ff954962000 	C:\WINDOWS\System32\win32u.dll
0x00007ff9557f0000 - 0x00007ff95581b000 	C:\WINDOWS\System32\GDI32.dll
0x00007ff954f10000 - 0x00007ff95501d000 	C:\WINDOWS\System32\gdi32full.dll
0x00007ff955070000 - 0x00007ff95510d000 	C:\WINDOWS\System32\msvcp_win.dll
0x00007ff956130000 - 0x00007ff956160000 	C:\WINDOWS\System32\IMM32.DLL
0x00007ff9514d0000 - 0x00007ff9514dc000 	C:\Users\Admin\.jdks\openjdk-17.0.1\bin\vcruntime140_1.dll
0x00007ff913c30000 - 0x00007ff913cbd000 	C:\Users\Admin\.jdks\openjdk-17.0.1\bin\msvcp140.dll
0x00007ff8d11b0000 - 0x00007ff8d1d6e000 	C:\Users\Admin\.jdks\openjdk-17.0.1\bin\server\jvm.dll
0x00007ff956fa0000 - 0x00007ff95704c000 	C:\WINDOWS\System32\ADVAPI32.dll
0x00007ff955530000 - 0x00007ff9555cb000 	C:\WINDOWS\System32\sechost.dll
0x00007ff9570c0000 - 0x00007ff9571ea000 	C:\WINDOWS\System32\RPCRT4.dll
0x00007ff9570b0000 - 0x00007ff9570b8000 	C:\WINDOWS\System32\PSAPI.DLL
0x00007ff936fa0000 - 0x00007ff936fa9000 	C:\WINDOWS\SYSTEM32\WSOCK32.dll
0x00007ff94e9f0000 - 0x00007ff94e9fa000 	C:\WINDOWS\SYSTEM32\VERSION.dll
0x00007ff956f30000 - 0x00007ff956f9b000 	C:\WINDOWS\System32\WS2_32.dll
0x00007ff93fe90000 - 0x00007ff93feb7000 	C:\WINDOWS\SYSTEM32\WINMM.dll
0x00007ff9527f0000 - 0x00007ff952802000 	C:\WINDOWS\SYSTEM32\kernel.appcore.dll
0x00007ff94f450000 - 0x00007ff94f45a000 	C:\Users\Admin\.jdks\openjdk-17.0.1\bin\jimage.dll
0x00007ff93b8f0000 - 0x00007ff93bad4000 	C:\WINDOWS\SYSTEM32\DBGHELP.DLL
0x00007ff938420000 - 0x00007ff93844c000 	C:\WINDOWS\SYSTEM32\dbgcore.DLL
0x00007ff954ad0000 - 0x00007ff954b52000 	C:\WINDOWS\System32\bcryptPrimitives.dll
0x00007ff94f7b0000 - 0x00007ff94f7be000 	C:\Users\Admin\.jdks\openjdk-17.0.1\bin\instrument.dll
0x00007ff92acf0000 - 0x00007ff92ad15000 	C:\Users\Admin\.jdks\openjdk-17.0.1\bin\java.dll

dbghelp: loaded successfully - version: 4.0.5 - missing functions: none
symbol engine: initialized successfully - sym options: 0x614 - pdb path: .;C:\Users\Admin\.jdks\openjdk-17.0.1\bin;C:\WINDOWS\SYSTEM32;C:\WINDOWS\WinSxS\amd64_microsoft.windows.common-controls_6595b64144ccf1df_6.0.19041.1110_none_60b5254171f9507e;C:\Users\Admin\.jdks\openjdk-17.0.1\bin\server

VM Arguments:
jvm_args: -Dmaven.multiModuleProjectDirectory=C:\Users\Admin\Desktop\свнаю 3 йспя\springboot\service-users -Dmaven.home=C:\Program Files\JetBrains\IntelliJ IDEA 2021.3\plugins\maven\lib\maven3 -Dclassworlds.conf=C:\Program Files\JetBrains\IntelliJ IDEA 2021.3\plugins\maven\lib\maven3\bin\m2.conf -Dmaven.ext.class.path=C:\Program Files\JetBrains\IntelliJ IDEA 2021.3\plugins\maven\lib\maven-event-listener.jar -javaagent:C:\Program Files\JetBrains\IntelliJ IDEA 2021.3\lib\idea_rt.jar=58343:C:\Program Files\JetBrains\IntelliJ IDEA 2021.3\bin -Dfile.encoding=UTF-8 
java_command: org.codehaus.classworlds.Launcher -Didea.version=2021.3 -DskipTests=true install
java_class_path (initial): C:\Program Files\JetBrains\IntelliJ IDEA 2021.3\plugins\maven\lib\maven3\boot\plexus-classworlds-2.6.0.jar;C:\Program Files\JetBrains\IntelliJ IDEA 2021.3\plugins\maven\lib\maven3\boot\plexus-classworlds.license
Launcher Type: SUN_STANDARD

[Global flags]
     intx CICompilerCount                          = 4                                         {product} {ergonomic}
     uint ConcGCThreads                            = 2                                         {product} {ergonomic}
     uint G1ConcRefinementThreads                  = 8                                         {product} {ergonomic}
   size_t G1HeapRegionSize                         = 2097152                                   {product} {ergonomic}
    uintx GCDrainStackTargetSize                   = 64                                        {product} {ergonomic}
   size_t InitialHeapSize                          = 266338304                                 {product} {ergonomic}
   size_t MarkStackSize                            = 4194304                                   {product} {ergonomic}
   size_t MaxHeapSize                              = 4255121408                                {product} {ergonomic}
   size_t MinHeapDeltaBytes                        = 2097152                                   {product} {ergonomic}
   size_t MinHeapSize                              = 8388608                                   {product} {ergonomic}
    uintx NonNMethodCodeHeapSize                   = 5839372                                {pd product} {ergonomic}
    uintx NonProfiledCodeHeapSize                  = 122909434                              {pd product} {ergonomic}
    uintx ProfiledCodeHeapSize                     = 122909434                              {pd product} {ergonomic}
    uintx ReservedCodeCacheSize                    = 251658240                              {pd product} {ergonomic}
     bool SegmentedCodeCache                       = true                                      {product} {ergonomic}
   size_t SoftMaxHeapSize                          = 4255121408                             {manageable} {ergonomic}
     bool UseCompressedClassPointers               = true                           {product lp64_product} {ergonomic}
     bool UseCompressedOops                        = true                           {product lp64_product} {ergonomic}
     bool UseG1GC                                  = true                                      {product} {ergonomic}
     bool UseLargePagesIndividualAllocation        = false                                  {pd product} {ergonomic}

Logging:
Log output configuration:
 #0: stdout all=warning uptime,level,tags
 #1: stderr all=off uptime,level,tags

Environment Variables:
PATH=C:\PROGRA~2\Borland\CBUILD~1\Bin;C:\PROGRA~2\Borland\CBUILD~1\Projects\Bpl;C:\Program Files (x86)\Embarcadero\Studio\20.0\bin;C:\Users\Public\Documents\Embarcadero\Studio\20.0\Bpl;C:\Program Files (x86)\Embarcadero\Studio\20.0\bin64;C:\Users\Public\Documents\Embarcadero\Studio\20.0\Bpl\Win64;C:\Program Files (x86)\Common Files\Oracle\Java\javapath;C:\Windows\system32;C:\Windows;C:\Windows\System32\Wbem;C:\Windows\System32\WindowsPowerShell\v1.0\;C:\Windows\System32\OpenSSH\;C:\Program Files\Intel\WiFi\bin\;C:\Program Files\Common Files\Intel\WirelessCommon\;C:\Program Files\NVIDIA Corporation\NVIDIA NvDLISR;C:\Program Files (x86)\NVIDIA Corporation\PhysX\Common;C:\WINDOWS\system32;C:\WINDOWS;C:\WINDOWS\System32\Wbem;C:\WINDOWS\System32\WindowsPowerShell\v1.0\;C:\WINDOWS\System32\OpenSSH\;C:\Program Files\Git\cmd;C:\Program Files\Docker\Docker\resources\bin;C:\ProgramData\DockerDesktop\version-bin;C:\Users\Admin\AppData\Local\Programs\Python\Python310\Scripts\;C:\Users\Admin\AppData\Local\Programs\Python\Python310\;C:\Users\Admin\AppData\Local\Microsoft\WindowsApps;C:\Program Files\Intel\WiFi\bin\;C:\Program Files\Common Files\Intel\WirelessCommon\;C:\Users\Admin\Desktop\свнаю 3 йспя\аюгх дюмху\project\Lib\site-packages\pip;;C:\Program Files\JetBrains\IntelliJ IDEA 2021.3\bin;
USERNAME=Admin
OS=Windows_NT
PROCESSOR_IDENTIFIER=Intel64 Family 6 Model 158 Stepping 10, GenuineIntel



---------------  S Y S T E M  ---------------

OS:
 Windows 10 , 64 bit Build 19041 (10.0.19041.1348)
OS uptime: 0 days 3:05 hours
Hyper-V role detected

CPU: total 8 (initial active 8) (4 cores per cpu, 2 threads per core) family 6 model 158 stepping 10 microcode 0xb4, cx8, cmov, fxsr, ht, mmx, 3dnowpref, sse, sse2, sse3, ssse3, sse4.1, sse4.2, popcnt, lzcnt, tsc, tscinvbit, avx, avx2, aes, erms, clmul, bmi1, bmi2, adx, fma, vzeroupper, clflush, clflushopt, hv

Memory: 4k page, system-wide physical 16228M (3221M free)
TotalPageFile size 18276M (AvailPageFile size 192M)
current process WorkingSet (physical memory assigned to process): 10M, peak: 10M
current process commit charge ("private bytes"): 60M, peak: 314M

vm_info: OpenJDK 64-Bit Server VM (17.0.1+12-39) for windows-amd64 JRE (17.0.1+12-39), built on Sep 27 2021 18:39:29 by "mach5one" with MS VC++ 16.8 (VS2019)

END.
