#
# There is insufficient memory for the Java Runtime Environment to continue.
# Native memory allocation (malloc) failed to allocate 1048576 bytes for AllocateHeap
# Possible reasons:
#   The system is out of physical RAM or swap space
#   The process is running with CompressedOops enabled, and the Java Heap may be blocking the growth of the native heap
# Possible solutions:
#   Reduce memory load on the system
#   Increase physical memory or swap space
#   Check if swap backing store is full
#   Decrease Java heap size (-Xmx/-Xms)
#   Decrease number of Java threads
#   Decrease Java thread stack sizes (-Xss)
#   Set larger code cache with -XX:ReservedCodeCacheSize=
#   JVM is running with Zero Based Compressed Oops mode in which the Java heap is
#     placed in the first 32GB address space. The Java Heap base address is the
#     maximum limit for the native heap growth. Please use -XX:HeapBaseMinAddress
#     to set the Java Heap base and to place the Java Heap above 32GB virtual address.
# This output file may be truncated or incomplete.
#
#  Out of Memory Error (allocation.cpp:44), pid=19356, tid=19424
#
# JRE version:  (17.0.1+12) (build )
# Java VM: OpenJDK 64-Bit Server VM (17.0.1+12-39, mixed mode, emulated-client, sharing, tiered, compressed oops, compressed class ptrs, g1 gc, windows-amd64)
# No core dump will be written. Minidumps are not enabled by default on client versions of Windows
#

---------------  S U M M A R Y ------------

Command Line: -XX:TieredStopAtLevel=1 -Xverify:none -Dspring.output.ansi.enabled=always -javaagent:C:\Program Files\JetBrains\IntelliJ IDEA 2021.3\lib\idea_rt.jar=60415:C:\Program Files\JetBrains\IntelliJ IDEA 2021.3\bin -Dcom.sun.management.jmxremote -Dspring.jmx.enabled=true -Dspring.liveBeansView.mbeanDomain -Dspring.application.admin.enabled=true -Dfile.encoding=UTF-8 com.eduhelp.servicediscipline_members.ServiceDisciplineMembersApplication

Host: Intel(R) Core(TM) i5-9300H CPU @ 2.40GHz, 8 cores, 15G,  Windows 10 , 64 bit Build 19041 (10.0.19041.1348)
Time: Mon Dec 20 14:30:00 2021  Windows 10 , 64 bit Build 19041 (10.0.19041.1348) elapsed time: 0.011027 seconds (0d 0h 0m 0s)

---------------  T H R E A D  ---------------

Current thread (0x0000013521ee9d80):  JavaThread "Unknown thread" [_thread_in_vm, id=19424, stack(0x0000001419c00000,0x0000001419d00000)]

Stack: [0x0000001419c00000,0x0000001419d00000]
Native frames: (J=compiled Java code, j=interpreted, Vv=VM code, C=native code)
V  [jvm.dll+0x66fa1a]
V  [jvm.dll+0x7ce5a4]
V  [jvm.dll+0x7cfd4e]
V  [jvm.dll+0x7d03b3]
V  [jvm.dll+0x242b05]
V  [jvm.dll+0xa4673]
V  [jvm.dll+0x2e0b47]
V  [jvm.dll+0x2d8a1b]
V  [jvm.dll+0x7a01e1]
V  [jvm.dll+0x365791]
V  [jvm.dll+0x77f6cc]
V  [jvm.dll+0x3e812f]
V  [jvm.dll+0x3e9bd1]
C  [jli.dll+0x527b]
C  [ucrtbase.dll+0x21bb2]
C  [KERNEL32.DLL+0x17034]
C  [ntdll.dll+0x52651]


---------------  P R O C E S S  ---------------

Threads class SMR info:
_java_thread_list=0x00007ffab02f7818, length=0, elements={
}

Java Threads: ( => current thread )

Other Threads:
  0x0000013521f38de0 GCTaskThread "GC Thread#0" [stack: 0x0000001419d00000,0x0000001419e00000] [id=19428]

[error occurred during error reporting (printing all threads), id 0xc0000005, EXCEPTION_ACCESS_VIOLATION (0xc0000005) at pc=0x00007ffaafb45a90]

VM state: not at safepoint (not fully initialized)

VM Mutex/Monitor currently owned by a thread:  ([mutex/lock_event])
[0x0000013521ee6660] Heap_lock - owner thread: 0x0000013521ee9d80

Heap address: 0x0000000702600000, size: 4058 MB, Compressed Oops mode: Zero based, Oop shift amount: 3

CDS archive(s) mapped at: [0x0000000000000000-0x0000000000000000-0x0000000000000000), size 0, SharedBaseAddress: 0x0000000800000000, ArchiveRelocationMode: 0.
Narrow klass base: 0x0000000000000000, Narrow klass shift: 0, Narrow klass range: 0x0

GC Precious Log:
<Empty>

Heap:
 garbage-first heap   total 0K, used 0K [0x0000000702600000, 0x0000000800000000)
  region size 2048K, 0 young (0K), 0 survivors (0K)

[error occurred during error reporting (printing heap information), id 0xc0000005, EXCEPTION_ACCESS_VIOLATION (0xc0000005) at pc=0x00007ffaaff28d89]

GC Heap History (0 events):
No events

Deoptimization events (0 events):
No events

Classes unloaded (0 events):
No events

Classes redefined (0 events):
No events

Internal exceptions (0 events):
No events

VM Operations (0 events):
No events

Events (1 events):
Event: 0.007 Loaded shared library C:\Users\Admin\.jdks\openjdk-17.0.1\bin\java.dll


Dynamic libraries:
0x00007ff719380000 - 0x00007ff71938e000 	C:\Users\Admin\.jdks\openjdk-17.0.1\bin\java.exe
0x00007ffb26ff0000 - 0x00007ffb271e5000 	C:\WINDOWS\SYSTEM32\ntdll.dll
0x00007ffb26a10000 - 0x00007ffb26ace000 	C:\WINDOWS\System32\KERNEL32.DLL
0x00007ffb24890000 - 0x00007ffb24b58000 	C:\WINDOWS\System32\KERNELBASE.dll
0x00007ffb24cc0000 - 0x00007ffb24dc0000 	C:\WINDOWS\System32\ucrtbase.dll
0x00007ffb0ded0000 - 0x00007ffb0dee8000 	C:\Users\Admin\.jdks\openjdk-17.0.1\bin\jli.dll
0x00007ffb0c850000 - 0x00007ffb0c86a000 	C:\Users\Admin\.jdks\openjdk-17.0.1\bin\VCRUNTIME140.dll
0x00007ffb258d0000 - 0x00007ffb25a71000 	C:\WINDOWS\System32\USER32.dll
0x00007ffb107a0000 - 0x00007ffb10a3a000 	C:\WINDOWS\WinSxS\amd64_microsoft.windows.common-controls_6595b64144ccf1df_6.0.19041.1110_none_60b5254171f9507e\COMCTL32.dll
0x00007ffb24800000 - 0x00007ffb24822000 	C:\WINDOWS\System32\win32u.dll
0x00007ffb25d10000 - 0x00007ffb25dae000 	C:\WINDOWS\System32\msvcrt.dll
0x00007ffb25c30000 - 0x00007ffb25c5b000 	C:\WINDOWS\System32\GDI32.dll
0x00007ffb24f20000 - 0x00007ffb2502d000 	C:\WINDOWS\System32\gdi32full.dll
0x00007ffb24b90000 - 0x00007ffb24c2d000 	C:\WINDOWS\System32\msvcp_win.dll
0x00007ffb26290000 - 0x00007ffb262c0000 	C:\WINDOWS\System32\IMM32.DLL
0x00007ffb1a740000 - 0x00007ffb1a74c000 	C:\Users\Admin\.jdks\openjdk-17.0.1\bin\vcruntime140_1.dll
0x00007ffaeda00000 - 0x00007ffaeda8d000 	C:\Users\Admin\.jdks\openjdk-17.0.1\bin\msvcp140.dll
0x00007ffaaf860000 - 0x00007ffab041e000 	C:\Users\Admin\.jdks\openjdk-17.0.1\bin\server\jvm.dll
0x00007ffb25c60000 - 0x00007ffb25d0c000 	C:\WINDOWS\System32\ADVAPI32.dll
0x00007ffb26180000 - 0x00007ffb2621b000 	C:\WINDOWS\System32\sechost.dll
0x00007ffb25780000 - 0x00007ffb258aa000 	C:\WINDOWS\System32\RPCRT4.dll
0x00007ffb26220000 - 0x00007ffb26228000 	C:\WINDOWS\System32\PSAPI.DLL
0x00007ffb07ef0000 - 0x00007ffb07ef9000 	C:\WINDOWS\SYSTEM32\WSOCK32.dll
0x00007ffb11fa0000 - 0x00007ffb11fc7000 	C:\WINDOWS\SYSTEM32\WINMM.dll
0x00007ffb1e770000 - 0x00007ffb1e77a000 	C:\WINDOWS\SYSTEM32\VERSION.dll
0x00007ffb26f40000 - 0x00007ffb26fab000 	C:\WINDOWS\System32\WS2_32.dll
0x00007ffb225b0000 - 0x00007ffb225c2000 	C:\WINDOWS\SYSTEM32\kernel.appcore.dll
0x00007ffb0cd10000 - 0x00007ffb0cd1a000 	C:\Users\Admin\.jdks\openjdk-17.0.1\bin\jimage.dll
0x00007ffb07170000 - 0x00007ffb07354000 	C:\WINDOWS\SYSTEM32\DBGHELP.DLL
0x00007ffb06f20000 - 0x00007ffb06f4c000 	C:\WINDOWS\SYSTEM32\dbgcore.DLL
0x00007ffb24c30000 - 0x00007ffb24cb2000 	C:\WINDOWS\System32\bcryptPrimitives.dll
0x00007ffb06520000 - 0x00007ffb0652e000 	C:\Users\Admin\.jdks\openjdk-17.0.1\bin\instrument.dll
0x00007ffb06530000 - 0x00007ffb06555000 	C:\Users\Admin\.jdks\openjdk-17.0.1\bin\java.dll

dbghelp: loaded successfully - version: 4.0.5 - missing functions: none
symbol engine: initialized successfully - sym options: 0x614 - pdb path: .;C:\Users\Admin\.jdks\openjdk-17.0.1\bin;C:\WINDOWS\SYSTEM32;C:\WINDOWS\WinSxS\amd64_microsoft.windows.common-controls_6595b64144ccf1df_6.0.19041.1110_none_60b5254171f9507e;C:\Users\Admin\.jdks\openjdk-17.0.1\bin\server

VM Arguments:
jvm_args: -XX:TieredStopAtLevel=1 -Xverify:none -Dspring.output.ansi.enabled=always -javaagent:C:\Program Files\JetBrains\IntelliJ IDEA 2021.3\lib\idea_rt.jar=60415:C:\Program Files\JetBrains\IntelliJ IDEA 2021.3\bin -Dcom.sun.management.jmxremote -Dspring.jmx.enabled=true -Dspring.liveBeansView.mbeanDomain -Dspring.application.admin.enabled=true -Dfile.encoding=UTF-8 
java_command: com.eduhelp.servicediscipline_members.ServiceDisciplineMembersApplication
java_class_path (initial): C:\Users\Admin\Desktop\свнаю 3 йспя\springboot\service-discipline_members\target\classes;C:\Users\Admin\.m2\repository\org\springframework\boot\spring-boot-starter-data-jdbc\2.6.1\spring-boot-starter-data-jdbc-2.6.1.jar;C:\Users\Admin\.m2\repository\org\springframework\boot\spring-boot-starter-jdbc\2.6.1\spring-boot-starter-jdbc-2.6.1.jar;C:\Users\Admin\.m2\repository\com\zaxxer\HikariCP\4.0.3\HikariCP-4.0.3.jar;C:\Users\Admin\.m2\repository\org\springframework\spring-jdbc\5.3.13\spring-jdbc-5.3.13.jar;C:\Users\Admin\.m2\repository\org\springframework\data\spring-data-jdbc\2.3.0\spring-data-jdbc-2.3.0.jar;C:\Users\Admin\.m2\repository\org\springframework\data\spring-data-relational\2.3.0\spring-data-relational-2.3.0.jar;C:\Users\Admin\.m2\repository\org\springframework\data\spring-data-commons\2.6.0\spring-data-commons-2.6.0.jar;C:\Users\Admin\.m2\repository\org\springframework\spring-tx\5.3.13\spring-tx-5.3.13.jar;C:\Users\Admin\.m2\repository\org\springframework\spring-context\5.3.13\spring-context-5.3.13.jar;C:\Users\Admin\.m2\repository\org\springframework\spring-beans\5.3.13\spring-beans-5.3.13.jar;C:\Users\Admin\.m2\repository\org\slf4j\slf4j-api\1.7.32\slf4j-api-1.7.32.jar;C:\Users\Admin\.m2\repository\org\springframework\boot\spring-boot-starter-data-jpa\2.6.1\spring-boot-starter-data-jpa-2.6.1.jar;C:\Users\Admin\.m2\repository\org\springframework\boot\spring-boot-starter-aop\2.6.1\spring-boot-starter-aop-2.6.1.jar;C:\Users\Admin\.m2\repository\org\springframework\spring-aop\5.3.13\spring-aop-5.3.13.jar;C:\Users\Admin\.m2\repository\org\aspectj\aspectjweaver\1.9.7\aspectjweaver-1.9.7.jar;C:\Users\Admin\.m2\repository\jakarta\transaction\jakarta.transaction-api\1.3.3\jakarta.transaction-api-1.3.3.jar;C:\Users\Admin\.m2\repository\jakarta\persistence\jakarta.persistence-api\2.2.3\jakarta.persistence-api-2.2.3.jar;C:\Users\Admin\.m2\repository\org\hibernate\hibernate-core\5.6.1.Final\hibernate-core-5.6.1.Final.jar;C:\Users\Admin\.m2
Launcher Type: SUN_STANDARD

[Global flags]
     intx CICompilerCount                          = 4                                         {product} {ergonomic}
     uint ConcGCThreads                            = 2                                         {product} {ergonomic}
     uint G1ConcRefinementThreads                  = 8                                         {product} {ergonomic}
   size_t G1HeapRegionSize                         = 2097152                                   {product} {ergonomic}
    uintx GCDrainStackTargetSize                   = 64                                        {product} {ergonomic}
   size_t InitialHeapSize                          = 266338304                                 {product} {ergonomic}
     bool ManagementServer                         = true                                      {product} {command line}
   size_t MarkStackSize                            = 4194304                                   {product} {ergonomic}
   size_t MaxHeapSize                              = 4255121408                                {product} {ergonomic}
   size_t MinHeapDeltaBytes                        = 2097152                                   {product} {ergonomic}
   size_t MinHeapSize                              = 8388608                                   {product} {ergonomic}
    uintx NonProfiledCodeHeapSize                  = 0                                      {pd product} {ergonomic}
     bool ProfileInterpreter                       = false                                  {pd product} {command line}
    uintx ProfiledCodeHeapSize                     = 0                                      {pd product} {ergonomic}
   size_t SoftMaxHeapSize                          = 4255121408                             {manageable} {ergonomic}
     intx TieredStopAtLevel                        = 1                                         {product} {command line}
     bool UseCompressedClassPointers               = true                           {product lp64_product} {ergonomic}
     bool UseCompressedOops                        = true                           {product lp64_product} {ergonomic}
     bool UseG1GC                                  = true                                      {product} {ergonomic}
     bool UseLargePagesIndividualAllocation        = false                                  {pd product} {ergonomic}

Logging:
Log output configuration:
 #0: stdout all=warning uptime,level,tags
 #1: stderr all=off uptime,level,tags

Environment Variables:
PATH=C:\PROGRA~2\Borland\CBUILD~1\Bin;C:\PROGRA~2\Borland\CBUILD~1\Projects\Bpl;C:\Program Files (x86)\Embarcadero\Studio\20.0\bin;C:\Users\Public\Documents\Embarcadero\Studio\20.0\Bpl;C:\Program Files (x86)\Embarcadero\Studio\20.0\bin64;C:\Users\Public\Documents\Embarcadero\Studio\20.0\Bpl\Win64;C:\Program Files (x86)\Common Files\Oracle\Java\javapath;C:\Windows\system32;C:\Windows;C:\Windows\System32\Wbem;C:\Windows\System32\WindowsPowerShell\v1.0\;C:\Windows\System32\OpenSSH\;C:\Program Files\Intel\WiFi\bin\;C:\Program Files\Common Files\Intel\WirelessCommon\;C:\Program Files\NVIDIA Corporation\NVIDIA NvDLISR;C:\Program Files (x86)\NVIDIA Corporation\PhysX\Common;C:\WINDOWS\system32;C:\WINDOWS;C:\WINDOWS\System32\Wbem;C:\WINDOWS\System32\WindowsPowerShell\v1.0\;C:\WINDOWS\System32\OpenSSH\;C:\Program Files\Git\cmd;C:\Program Files\Docker\Docker\resources\bin;C:\ProgramData\DockerDesktop\version-bin;C:\Users\Admin\AppData\Local\Programs\Python\Python310\Scripts\;C:\Users\Admin\AppData\Local\Programs\Python\Python310\;C:\Users\Admin\AppData\Local\Microsoft\WindowsApps;C:\Program Files\Intel\WiFi\bin\;C:\Program Files\Common Files\Intel\WirelessCommon\;C:\Users\Admin\Desktop\свнаю 3 йспя\аюгх дюмху\project\Lib\site-packages\pip;;C:\Program Files\JetBrains\IntelliJ IDEA 2021.3\bin;
USERNAME=Admin
OS=Windows_NT
PROCESSOR_IDENTIFIER=Intel64 Family 6 Model 158 Stepping 10, GenuineIntel



---------------  S Y S T E M  ---------------

OS:
 Windows 10 , 64 bit Build 19041 (10.0.19041.1348)
OS uptime: 0 days 4:32 hours
Hyper-V role detected

CPU: total 8 (initial active 8) (4 cores per cpu, 2 threads per core) family 6 model 158 stepping 10 microcode 0xb4, cx8, cmov, fxsr, ht, mmx, 3dnowpref, sse, sse2, sse3, ssse3, sse4.1, sse4.2, popcnt, lzcnt, tsc, tscinvbit, avx, avx2, aes, erms, clmul, bmi1, bmi2, adx, fma, vzeroupper, clflush, clflushopt, hv

Memory: 4k page, system-wide physical 16228M (4265M free)
TotalPageFile size 18276M (AvailPageFile size 4M)
current process WorkingSet (physical memory assigned to process): 10M, peak: 10M
current process commit charge ("private bytes"): 47M, peak: 48M

vm_info: OpenJDK 64-Bit Server VM (17.0.1+12-39) for windows-amd64 JRE (17.0.1+12-39), built on Sep 27 2021 18:39:29 by "mach5one" with MS VC++ 16.8 (VS2019)

END.
