#
# There is insufficient memory for the Java Runtime Environment to continue.
# Native memory allocation (malloc) failed to allocate 746016 bytes for Chunk::new
# Possible reasons:
#   The system is out of physical RAM or swap space
#   The process is running with CompressedOops enabled, and the Java Heap may be blocking the growth of the native heap
# Possible solutions:
#   Reduce memory load on the system
#   Increase physical memory or swap space
#   Check if swap backing store is full
#   Decrease Java heap size (-Xmx/-Xms)
#   Decrease number of Java threads
#   Decrease Java thread stack sizes (-Xss)
#   Set larger code cache with -XX:ReservedCodeCacheSize=
#   JVM is running with Zero Based Compressed Oops mode in which the Java heap is
#     placed in the first 32GB address space. The Java Heap base address is the
#     maximum limit for the native heap growth. Please use -XX:HeapBaseMinAddress
#     to set the Java Heap base and to place the Java Heap above 32GB virtual address.
# This output file may be truncated or incomplete.
#
#  Out of Memory Error (arena.cpp:189), pid=15472, tid=15148
#
# JRE version: OpenJDK Runtime Environment (17.0.1+12) (build 17.0.1+12-39)
# Java VM: OpenJDK 64-Bit Server VM (17.0.1+12-39, mixed mode, sharing, tiered, compressed oops, compressed class ptrs, g1 gc, windows-amd64)
# No core dump will be written. Minidumps are not enabled by default on client versions of Windows
#

---------------  S U M M A R Y ------------

Command Line: C:\Users\Admin\AppData\Local\Temp\surefire6846557372726962351\surefirebooter8939421995281343805.jar C:\Users\Admin\AppData\Local\Temp\surefire6846557372726962351 2021-12-27T11-55-35_200-jvmRun1 surefire6619566449550965924tmp surefire_0512674926886259349tmp

Host: Intel(R) Core(TM) i5-9300H CPU @ 2.40GHz, 8 cores, 15G,  Windows 10 , 64 bit Build 19041 (10.0.19041.1348)
Time: Mon Dec 27 11:55:38 2021  Windows 10 , 64 bit Build 19041 (10.0.19041.1348) elapsed time: 3.056463 seconds (0d 0h 0m 3s)

---------------  T H R E A D  ---------------

Current thread (0x000002612686a8f0):  JavaThread "C2 CompilerThread0" daemon [_thread_in_native, id=15148, stack(0x000000faf9500000,0x000000faf9600000)]


Current CompileTask:
C2:   3056 2310       4       java.lang.invoke.MethodType::makeImpl (109 bytes)

Stack: [0x000000faf9500000,0x000000faf9600000]
Native frames: (J=compiled Java code, j=interpreted, Vv=VM code, C=native code)
V  [jvm.dll+0x66fa1a]
V  [jvm.dll+0x7ce5a4]
V  [jvm.dll+0x7cfd4e]
V  [jvm.dll+0x7d03b3]
V  [jvm.dll+0x242b05]
V  [jvm.dll+0xaa05b]
V  [jvm.dll+0xaa5ec]
V  [jvm.dll+0x2a953f]
V  [jvm.dll+0x5785a9]
V  [jvm.dll+0x21dd7d]
V  [jvm.dll+0x2175a1]
V  [jvm.dll+0x214f05]
V  [jvm.dll+0x1a168d]
V  [jvm.dll+0x224848]
V  [jvm.dll+0x2229ac]
V  [jvm.dll+0x78435b]
V  [jvm.dll+0x77e91a]
V  [jvm.dll+0x66e845]
C  [ucrtbase.dll+0x21bb2]
C  [KERNEL32.DLL+0x17034]
C  [ntdll.dll+0x52651]


---------------  P R O C E S S  ---------------

Threads class SMR info:
_java_thread_list=0x0000026129efef90, length=17, elements={
0x0000026103c0cbd0, 0x0000026126841160, 0x0000026126842d20, 0x00000261268597e0,
0x000002612685a390, 0x000002612685ce50, 0x00000261268687f0, 0x000002612686a8f0,
0x0000026127408230, 0x000002612686b5e0, 0x00000261275315a0, 0x0000026127533940,
0x0000026127541f30, 0x00000261276ae440, 0x0000026127701fb0, 0x0000026128f83790,
0x000002612860edd0
}

Java Threads: ( => current thread )
  0x0000026103c0cbd0 JavaThread "main" [_thread_in_Java, id=4324, stack(0x000000faf8800000,0x000000faf8900000)]
  0x0000026126841160 JavaThread "Reference Handler" daemon [_thread_blocked, id=6364, stack(0x000000faf8f00000,0x000000faf9000000)]
  0x0000026126842d20 JavaThread "Finalizer" daemon [_thread_blocked, id=1048, stack(0x000000faf9000000,0x000000faf9100000)]
  0x00000261268597e0 JavaThread "Signal Dispatcher" daemon [_thread_blocked, id=12100, stack(0x000000faf9100000,0x000000faf9200000)]
  0x000002612685a390 JavaThread "Attach Listener" daemon [_thread_blocked, id=8164, stack(0x000000faf9200000,0x000000faf9300000)]
  0x000002612685ce50 JavaThread "Service Thread" daemon [_thread_blocked, id=15120, stack(0x000000faf9300000,0x000000faf9400000)]
  0x00000261268687f0 JavaThread "Monitor Deflation Thread" daemon [_thread_blocked, id=9512, stack(0x000000faf9400000,0x000000faf9500000)]
=>0x000002612686a8f0 JavaThread "C2 CompilerThread0" daemon [_thread_in_native, id=15148, stack(0x000000faf9500000,0x000000faf9600000)]
  0x0000026127408230 JavaThread "C1 CompilerThread0" daemon [_thread_in_native, id=8096, stack(0x000000faf9600000,0x000000faf9700000)]
  0x000002612686b5e0 JavaThread "Sweeper thread" daemon [_thread_blocked, id=14236, stack(0x000000faf9700000,0x000000faf9800000)]
  0x00000261275315a0 JavaThread "Notification Thread" daemon [_thread_blocked, id=15716, stack(0x000000faf9800000,0x000000faf9900000)]
  0x0000026127533940 JavaThread "Common-Cleaner" daemon [_thread_blocked, id=9548, stack(0x000000faf9a00000,0x000000faf9b00000)]
  0x0000026127541f30 JavaThread "surefire-forkedjvm-command-thread" daemon [_thread_in_native, id=16344, stack(0x000000faf9b00000,0x000000faf9c00000)]
  0x00000261276ae440 JavaThread "C2 CompilerThread1" daemon [_thread_in_native, id=7956, stack(0x000000faf9c00000,0x000000faf9d00000)]
  0x0000026127701fb0 JavaThread "surefire-forkedjvm-ping-30s" daemon [_thread_in_native, id=3332, stack(0x000000faf9d00000,0x000000faf9e00000)]
  0x0000026128f83790 JavaThread "background-preinit" [_thread_in_vm, id=6356, stack(0x000000fafa500000,0x000000fafa600000)]
  0x000002612860edd0 JavaThread "C2 CompilerThread2" daemon [_thread_in_native, id=7744, stack(0x000000fafa600000,0x000000fafa700000)]

Other Threads:
  0x000002612683b6c0 VMThread "VM Thread" [stack: 0x000000faf8e00000,0x000000faf8f00000] [id=8776]
  0x00000261275332a0 WatcherThread [stack: 0x000000faf9900000,0x000000faf9a00000] [id=9140]
  0x0000026103c5fc10 GCTaskThread "GC Thread#0" [stack: 0x000000faf8900000,0x000000faf8a00000] [id=5352]
  0x0000026127bcda80 GCTaskThread "GC Thread#1" [stack: 0x000000faf9e00000,0x000000faf9f00000] [id=6932]
  0x0000026127bcdd30 GCTaskThread "GC Thread#2" [stack: 0x000000faf9f00000,0x000000fafa000000] [id=616]
  0x0000026127bcdfe0 GCTaskThread "GC Thread#3" [stack: 0x000000fafa000000,0x000000fafa100000] [id=14640]
  0x0000026127bce290 GCTaskThread "GC Thread#4" [stack: 0x000000fafa100000,0x000000fafa200000] [id=9124]
  0x0000026127bce540 GCTaskThread "GC Thread#5" [stack: 0x000000fafa200000,0x000000fafa300000] [id=15912]
  0x0000026127be83f0 GCTaskThread "GC Thread#6" [stack: 0x000000fafa300000,0x000000fafa400000] [id=13032]
  0x00000261284ed950 GCTaskThread "GC Thread#7" [stack: 0x000000fafa400000,0x000000fafa500000] [id=8116]
  0x0000026103c71790 ConcurrentGCThread "G1 Main Marker" [stack: 0x000000faf8a00000,0x000000faf8b00000] [id=8768]
  0x0000026103c727e0 ConcurrentGCThread "G1 Conc#0" [stack: 0x000000faf8b00000,0x000000faf8c00000] [id=15948]
  0x00000261266f34e0 ConcurrentGCThread "G1 Refine#0" [stack: 0x000000faf8c00000,0x000000faf8d00000] [id=14368]
  0x00000261266f3da0 ConcurrentGCThread "G1 Service" [stack: 0x000000faf8d00000,0x000000faf8e00000] [id=12416]

Threads with active compile tasks:
C2 CompilerThread0     3090 2310       4       java.lang.invoke.MethodType::makeImpl (109 bytes)
C1 CompilerThread0     3090 2450       3       org.springframework.asm.Type::getType (10 bytes)
C2 CompilerThread1     3090 2422       4       jdk.internal.jimage.ImageStringsReader::hashCode (33 bytes)
C2 CompilerThread2     3090 2373       4       jdk.internal.jimage.ImageLocation::verify (218 bytes)

VM state: not at safepoint (normal execution)

VM Mutex/Monitor currently owned by a thread: None

Heap address: 0x0000000702600000, size: 4058 MB, Compressed Oops mode: Zero based, Oop shift amount: 3

CDS archive(s) mapped at: [0x0000000800000000-0x0000000800bc0000-0x0000000800bc0000), size 12320768, SharedBaseAddress: 0x0000000800000000, ArchiveRelocationMode: 0.
Compressed class space mapped at: 0x0000000800c00000-0x0000000840c00000, reserved size: 1073741824
Narrow klass base: 0x0000000800000000, Narrow klass shift: 0, Narrow klass range: 0x100000000

GC Precious Log:
 CPUs: 8 total, 8 available
 Memory: 16228M
 Large Page Support: Disabled
 NUMA Support: Disabled
 Compressed Oops: Enabled (Zero based)
 Heap Region Size: 2M
 Heap Min Capacity: 8M
 Heap Initial Capacity: 254M
 Heap Max Capacity: 4058M
 Pre-touch: Disabled
 Parallel Workers: 8
 Concurrent Workers: 2
 Concurrent Refinement Workers: 8
 Periodic GC: Disabled

Heap:
 garbage-first heap   total 260096K, used 33887K [0x0000000702600000, 0x0000000800000000)
  region size 2048K, 15 young (30720K), 2 survivors (4096K)
 Metaspace       used 19082K, committed 19328K, reserved 1073152K
  class space    used 2559K, committed 2688K, reserved 1048576K

Heap Regions: E=young(eden), S=young(survivor), O=old, HS=humongous(starts), HC=humongous(continues), CS=collection set, F=free, OA=open archive, CA=closed archive, TAMS=top-at-mark-start (previous, next)
|   0|0x0000000702600000, 0x0000000702800000, 0x0000000702800000|100%| O|  |TAMS 0x0000000702600000, 0x0000000702600000| Untracked 
|   1|0x0000000702800000, 0x0000000702a00000, 0x0000000702a00000|100%| O|  |TAMS 0x0000000702800000, 0x0000000702800000| Untracked 
|   2|0x0000000702a00000, 0x0000000702c00000, 0x0000000702c00000|100%| O|  |TAMS 0x0000000702a00000, 0x0000000702a00000| Untracked 
|   3|0x0000000702c00000, 0x0000000702d17c00, 0x0000000702e00000| 54%| O|  |TAMS 0x0000000702c00000, 0x0000000702c00000| Untracked 
|   4|0x0000000702e00000, 0x0000000702e00000, 0x0000000703000000|  0%| F|  |TAMS 0x0000000702e00000, 0x0000000702e00000| Untracked 
|   5|0x0000000703000000, 0x0000000703000000, 0x0000000703200000|  0%| F|  |TAMS 0x0000000703000000, 0x0000000703000000| Untracked 
|   6|0x0000000703200000, 0x0000000703200000, 0x0000000703400000|  0%| F|  |TAMS 0x0000000703200000, 0x0000000703200000| Untracked 
|   7|0x0000000703400000, 0x0000000703400000, 0x0000000703600000|  0%| F|  |TAMS 0x0000000703400000, 0x0000000703400000| Untracked 
|   8|0x0000000703600000, 0x0000000703600000, 0x0000000703800000|  0%| F|  |TAMS 0x0000000703600000, 0x0000000703600000| Untracked 
|   9|0x0000000703800000, 0x0000000703800000, 0x0000000703a00000|  0%| F|  |TAMS 0x0000000703800000, 0x0000000703800000| Untracked 
|  10|0x0000000703a00000, 0x0000000703a00000, 0x0000000703c00000|  0%| F|  |TAMS 0x0000000703a00000, 0x0000000703a00000| Untracked 
|  11|0x0000000703c00000, 0x0000000703c00000, 0x0000000703e00000|  0%| F|  |TAMS 0x0000000703c00000, 0x0000000703c00000| Untracked 
|  12|0x0000000703e00000, 0x0000000703e00000, 0x0000000704000000|  0%| F|  |TAMS 0x0000000703e00000, 0x0000000703e00000| Untracked 
|  13|0x0000000704000000, 0x0000000704000000, 0x0000000704200000|  0%| F|  |TAMS 0x0000000704000000, 0x0000000704000000| Untracked 
|  14|0x0000000704200000, 0x0000000704200000, 0x0000000704400000|  0%| F|  |TAMS 0x0000000704200000, 0x0000000704200000| Untracked 
|  15|0x0000000704400000, 0x0000000704400000, 0x0000000704600000|  0%| F|  |TAMS 0x0000000704400000, 0x0000000704400000| Untracked 
|  16|0x0000000704600000, 0x0000000704600000, 0x0000000704800000|  0%| F|  |TAMS 0x0000000704600000, 0x0000000704600000| Untracked 
|  17|0x0000000704800000, 0x0000000704800000, 0x0000000704a00000|  0%| F|  |TAMS 0x0000000704800000, 0x0000000704800000| Untracked 
|  18|0x0000000704a00000, 0x0000000704a00000, 0x0000000704c00000|  0%| F|  |TAMS 0x0000000704a00000, 0x0000000704a00000| Untracked 
|  19|0x0000000704c00000, 0x0000000704c00000, 0x0000000704e00000|  0%| F|  |TAMS 0x0000000704c00000, 0x0000000704c00000| Untracked 
|  20|0x0000000704e00000, 0x0000000704e00000, 0x0000000705000000|  0%| F|  |TAMS 0x0000000704e00000, 0x0000000704e00000| Untracked 
|  21|0x0000000705000000, 0x0000000705000000, 0x0000000705200000|  0%| F|  |TAMS 0x0000000705000000, 0x0000000705000000| Untracked 
|  22|0x0000000705200000, 0x0000000705200000, 0x0000000705400000|  0%| F|  |TAMS 0x0000000705200000, 0x0000000705200000| Untracked 
|  23|0x0000000705400000, 0x0000000705400000, 0x0000000705600000|  0%| F|  |TAMS 0x0000000705400000, 0x0000000705400000| Untracked 
|  24|0x0000000705600000, 0x0000000705600000, 0x0000000705800000|  0%| F|  |TAMS 0x0000000705600000, 0x0000000705600000| Untracked 
|  25|0x0000000705800000, 0x0000000705800000, 0x0000000705a00000|  0%| F|  |TAMS 0x0000000705800000, 0x0000000705800000| Untracked 
|  26|0x0000000705a00000, 0x0000000705a00000, 0x0000000705c00000|  0%| F|  |TAMS 0x0000000705a00000, 0x0000000705a00000| Untracked 
|  27|0x0000000705c00000, 0x0000000705c00000, 0x0000000705e00000|  0%| F|  |TAMS 0x0000000705c00000, 0x0000000705c00000| Untracked 
|  28|0x0000000705e00000, 0x0000000705e00000, 0x0000000706000000|  0%| F|  |TAMS 0x0000000705e00000, 0x0000000705e00000| Untracked 
|  29|0x0000000706000000, 0x0000000706000000, 0x0000000706200000|  0%| F|  |TAMS 0x0000000706000000, 0x0000000706000000| Untracked 
|  30|0x0000000706200000, 0x0000000706200000, 0x0000000706400000|  0%| F|  |TAMS 0x0000000706200000, 0x0000000706200000| Untracked 
|  31|0x0000000706400000, 0x0000000706400000, 0x0000000706600000|  0%| F|  |TAMS 0x0000000706400000, 0x0000000706400000| Untracked 
|  32|0x0000000706600000, 0x0000000706600000, 0x0000000706800000|  0%| F|  |TAMS 0x0000000706600000, 0x0000000706600000| Untracked 
|  33|0x0000000706800000, 0x0000000706800000, 0x0000000706a00000|  0%| F|  |TAMS 0x0000000706800000, 0x0000000706800000| Untracked 
|  34|0x0000000706a00000, 0x0000000706a00000, 0x0000000706c00000|  0%| F|  |TAMS 0x0000000706a00000, 0x0000000706a00000| Untracked 
|  35|0x0000000706c00000, 0x0000000706c00000, 0x0000000706e00000|  0%| F|  |TAMS 0x0000000706c00000, 0x0000000706c00000| Untracked 
|  36|0x0000000706e00000, 0x0000000706e00000, 0x0000000707000000|  0%| F|  |TAMS 0x0000000706e00000, 0x0000000706e00000| Untracked 
|  37|0x0000000707000000, 0x0000000707000000, 0x0000000707200000|  0%| F|  |TAMS 0x0000000707000000, 0x0000000707000000| Untracked 
|  38|0x0000000707200000, 0x0000000707200000, 0x0000000707400000|  0%| F|  |TAMS 0x0000000707200000, 0x0000000707200000| Untracked 
|  39|0x0000000707400000, 0x0000000707400000, 0x0000000707600000|  0%| F|  |TAMS 0x0000000707400000, 0x0000000707400000| Untracked 
|  40|0x0000000707600000, 0x0000000707600000, 0x0000000707800000|  0%| F|  |TAMS 0x0000000707600000, 0x0000000707600000| Untracked 
|  41|0x0000000707800000, 0x0000000707800000, 0x0000000707a00000|  0%| F|  |TAMS 0x0000000707800000, 0x0000000707800000| Untracked 
|  42|0x0000000707a00000, 0x0000000707a00000, 0x0000000707c00000|  0%| F|  |TAMS 0x0000000707a00000, 0x0000000707a00000| Untracked 
|  43|0x0000000707c00000, 0x0000000707c00000, 0x0000000707e00000|  0%| F|  |TAMS 0x0000000707c00000, 0x0000000707c00000| Untracked 
|  44|0x0000000707e00000, 0x0000000707e00000, 0x0000000708000000|  0%| F|  |TAMS 0x0000000707e00000, 0x0000000707e00000| Untracked 
|  45|0x0000000708000000, 0x0000000708000000, 0x0000000708200000|  0%| F|  |TAMS 0x0000000708000000, 0x0000000708000000| Untracked 
|  46|0x0000000708200000, 0x0000000708200000, 0x0000000708400000|  0%| F|  |TAMS 0x0000000708200000, 0x0000000708200000| Untracked 
|  47|0x0000000708400000, 0x0000000708400000, 0x0000000708600000|  0%| F|  |TAMS 0x0000000708400000, 0x0000000708400000| Untracked 
|  48|0x0000000708600000, 0x0000000708600000, 0x0000000708800000|  0%| F|  |TAMS 0x0000000708600000, 0x0000000708600000| Untracked 
|  49|0x0000000708800000, 0x0000000708800000, 0x0000000708a00000|  0%| F|  |TAMS 0x0000000708800000, 0x0000000708800000| Untracked 
|  50|0x0000000708a00000, 0x0000000708a00000, 0x0000000708c00000|  0%| F|  |TAMS 0x0000000708a00000, 0x0000000708a00000| Untracked 
|  51|0x0000000708c00000, 0x0000000708c00000, 0x0000000708e00000|  0%| F|  |TAMS 0x0000000708c00000, 0x0000000708c00000| Untracked 
|  52|0x0000000708e00000, 0x0000000708e00000, 0x0000000709000000|  0%| F|  |TAMS 0x0000000708e00000, 0x0000000708e00000| Untracked 
|  53|0x0000000709000000, 0x0000000709000000, 0x0000000709200000|  0%| F|  |TAMS 0x0000000709000000, 0x0000000709000000| Untracked 
|  54|0x0000000709200000, 0x0000000709200000, 0x0000000709400000|  0%| F|  |TAMS 0x0000000709200000, 0x0000000709200000| Untracked 
|  55|0x0000000709400000, 0x0000000709400000, 0x0000000709600000|  0%| F|  |TAMS 0x0000000709400000, 0x0000000709400000| Untracked 
|  56|0x0000000709600000, 0x0000000709600000, 0x0000000709800000|  0%| F|  |TAMS 0x0000000709600000, 0x0000000709600000| Untracked 
|  57|0x0000000709800000, 0x0000000709800000, 0x0000000709a00000|  0%| F|  |TAMS 0x0000000709800000, 0x0000000709800000| Untracked 
|  58|0x0000000709a00000, 0x0000000709a00000, 0x0000000709c00000|  0%| F|  |TAMS 0x0000000709a00000, 0x0000000709a00000| Untracked 
|  59|0x0000000709c00000, 0x0000000709c00000, 0x0000000709e00000|  0%| F|  |TAMS 0x0000000709c00000, 0x0000000709c00000| Untracked 
|  60|0x0000000709e00000, 0x0000000709e00000, 0x000000070a000000|  0%| F|  |TAMS 0x0000000709e00000, 0x0000000709e00000| Untracked 
|  61|0x000000070a000000, 0x000000070a000000, 0x000000070a200000|  0%| F|  |TAMS 0x000000070a000000, 0x000000070a000000| Untracked 
|  62|0x000000070a200000, 0x000000070a200000, 0x000000070a400000|  0%| F|  |TAMS 0x000000070a200000, 0x000000070a200000| Untracked 
|  63|0x000000070a400000, 0x000000070a400000, 0x000000070a600000|  0%| F|  |TAMS 0x000000070a400000, 0x000000070a400000| Untracked 
|  64|0x000000070a600000, 0x000000070a600000, 0x000000070a800000|  0%| F|  |TAMS 0x000000070a600000, 0x000000070a600000| Untracked 
|  65|0x000000070a800000, 0x000000070a800000, 0x000000070aa00000|  0%| F|  |TAMS 0x000000070a800000, 0x000000070a800000| Untracked 
|  66|0x000000070aa00000, 0x000000070aa00000, 0x000000070ac00000|  0%| F|  |TAMS 0x000000070aa00000, 0x000000070aa00000| Untracked 
|  67|0x000000070ac00000, 0x000000070ac00000, 0x000000070ae00000|  0%| F|  |TAMS 0x000000070ac00000, 0x000000070ac00000| Untracked 
|  68|0x000000070ae00000, 0x000000070ae00000, 0x000000070b000000|  0%| F|  |TAMS 0x000000070ae00000, 0x000000070ae00000| Untracked 
|  69|0x000000070b000000, 0x000000070b000000, 0x000000070b200000|  0%| F|  |TAMS 0x000000070b000000, 0x000000070b000000| Untracked 
|  70|0x000000070b200000, 0x000000070b200000, 0x000000070b400000|  0%| F|  |TAMS 0x000000070b200000, 0x000000070b200000| Untracked 
|  71|0x000000070b400000, 0x000000070b400000, 0x000000070b600000|  0%| F|  |TAMS 0x000000070b400000, 0x000000070b400000| Untracked 
|  72|0x000000070b600000, 0x000000070b600000, 0x000000070b800000|  0%| F|  |TAMS 0x000000070b600000, 0x000000070b600000| Untracked 
|  73|0x000000070b800000, 0x000000070b800000, 0x000000070ba00000|  0%| F|  |TAMS 0x000000070b800000, 0x000000070b800000| Untracked 
|  74|0x000000070ba00000, 0x000000070ba00000, 0x000000070bc00000|  0%| F|  |TAMS 0x000000070ba00000, 0x000000070ba00000| Untracked 
|  75|0x000000070bc00000, 0x000000070bc00000, 0x000000070be00000|  0%| F|  |TAMS 0x000000070bc00000, 0x000000070bc00000| Untracked 
|  76|0x000000070be00000, 0x000000070be00000, 0x000000070c000000|  0%| F|  |TAMS 0x000000070be00000, 0x000000070be00000| Untracked 
|  77|0x000000070c000000, 0x000000070c000000, 0x000000070c200000|  0%| F|  |TAMS 0x000000070c000000, 0x000000070c000000| Untracked 
|  78|0x000000070c200000, 0x000000070c200000, 0x000000070c400000|  0%| F|  |TAMS 0x000000070c200000, 0x000000070c200000| Untracked 
|  79|0x000000070c400000, 0x000000070c400000, 0x000000070c600000|  0%| F|  |TAMS 0x000000070c400000, 0x000000070c400000| Untracked 
|  80|0x000000070c600000, 0x000000070c600000, 0x000000070c800000|  0%| F|  |TAMS 0x000000070c600000, 0x000000070c600000| Untracked 
|  81|0x000000070c800000, 0x000000070c800000, 0x000000070ca00000|  0%| F|  |TAMS 0x000000070c800000, 0x000000070c800000| Untracked 
|  82|0x000000070ca00000, 0x000000070ca00000, 0x000000070cc00000|  0%| F|  |TAMS 0x000000070ca00000, 0x000000070ca00000| Untracked 
|  83|0x000000070cc00000, 0x000000070cc00000, 0x000000070ce00000|  0%| F|  |TAMS 0x000000070cc00000, 0x000000070cc00000| Untracked 
|  84|0x000000070ce00000, 0x000000070ce00000, 0x000000070d000000|  0%| F|  |TAMS 0x000000070ce00000, 0x000000070ce00000| Untracked 
|  85|0x000000070d000000, 0x000000070d000000, 0x000000070d200000|  0%| F|  |TAMS 0x000000070d000000, 0x000000070d000000| Untracked 
|  86|0x000000070d200000, 0x000000070d200000, 0x000000070d400000|  0%| F|  |TAMS 0x000000070d200000, 0x000000070d200000| Untracked 
|  87|0x000000070d400000, 0x000000070d400000, 0x000000070d600000|  0%| F|  |TAMS 0x000000070d400000, 0x000000070d400000| Untracked 
|  88|0x000000070d600000, 0x000000070d600000, 0x000000070d800000|  0%| F|  |TAMS 0x000000070d600000, 0x000000070d600000| Untracked 
|  89|0x000000070d800000, 0x000000070d800000, 0x000000070da00000|  0%| F|  |TAMS 0x000000070d800000, 0x000000070d800000| Untracked 
|  90|0x000000070da00000, 0x000000070da00000, 0x000000070dc00000|  0%| F|  |TAMS 0x000000070da00000, 0x000000070da00000| Untracked 
|  91|0x000000070dc00000, 0x000000070dc00000, 0x000000070de00000|  0%| F|  |TAMS 0x000000070dc00000, 0x000000070dc00000| Untracked 
|  92|0x000000070de00000, 0x000000070e000000, 0x000000070e000000|100%| S|CS|TAMS 0x000000070de00000, 0x000000070de00000| Complete 
|  93|0x000000070e000000, 0x000000070e200000, 0x000000070e200000|100%| S|CS|TAMS 0x000000070e000000, 0x000000070e000000| Complete 
|  94|0x000000070e200000, 0x000000070e200000, 0x000000070e400000|  0%| F|  |TAMS 0x000000070e200000, 0x000000070e200000| Untracked 
|  95|0x000000070e400000, 0x000000070e400000, 0x000000070e600000|  0%| F|  |TAMS 0x000000070e400000, 0x000000070e400000| Untracked 
|  96|0x000000070e600000, 0x000000070e600000, 0x000000070e800000|  0%| F|  |TAMS 0x000000070e600000, 0x000000070e600000| Untracked 
|  97|0x000000070e800000, 0x000000070e800000, 0x000000070ea00000|  0%| F|  |TAMS 0x000000070e800000, 0x000000070e800000| Untracked 
|  98|0x000000070ea00000, 0x000000070ea00000, 0x000000070ec00000|  0%| F|  |TAMS 0x000000070ea00000, 0x000000070ea00000| Untracked 
|  99|0x000000070ec00000, 0x000000070ec00000, 0x000000070ee00000|  0%| F|  |TAMS 0x000000070ec00000, 0x000000070ec00000| Untracked 
| 100|0x000000070ee00000, 0x000000070ee00000, 0x000000070f000000|  0%| F|  |TAMS 0x000000070ee00000, 0x000000070ee00000| Untracked 
| 101|0x000000070f000000, 0x000000070f000000, 0x000000070f200000|  0%| F|  |TAMS 0x000000070f000000, 0x000000070f000000| Untracked 
| 102|0x000000070f200000, 0x000000070f200000, 0x000000070f400000|  0%| F|  |TAMS 0x000000070f200000, 0x000000070f200000| Untracked 
| 103|0x000000070f400000, 0x000000070f400000, 0x000000070f600000|  0%| F|  |TAMS 0x000000070f400000, 0x000000070f400000| Untracked 
| 104|0x000000070f600000, 0x000000070f600000, 0x000000070f800000|  0%| F|  |TAMS 0x000000070f600000, 0x000000070f600000| Untracked 
| 105|0x000000070f800000, 0x000000070f800000, 0x000000070fa00000|  0%| F|  |TAMS 0x000000070f800000, 0x000000070f800000| Untracked 
| 106|0x000000070fa00000, 0x000000070fa00000, 0x000000070fc00000|  0%| F|  |TAMS 0x000000070fa00000, 0x000000070fa00000| Untracked 
| 107|0x000000070fc00000, 0x000000070fc00000, 0x000000070fe00000|  0%| F|  |TAMS 0x000000070fc00000, 0x000000070fc00000| Untracked 
| 108|0x000000070fe00000, 0x000000070fe00000, 0x0000000710000000|  0%| F|  |TAMS 0x000000070fe00000, 0x000000070fe00000| Untracked 
| 109|0x0000000710000000, 0x0000000710000000, 0x0000000710200000|  0%| F|  |TAMS 0x0000000710000000, 0x0000000710000000| Untracked 
| 110|0x0000000710200000, 0x0000000710200000, 0x0000000710400000|  0%| F|  |TAMS 0x0000000710200000, 0x0000000710200000| Untracked 
| 111|0x0000000710400000, 0x0000000710400000, 0x0000000710600000|  0%| F|  |TAMS 0x0000000710400000, 0x0000000710400000| Untracked 
| 112|0x0000000710600000, 0x0000000710600000, 0x0000000710800000|  0%| F|  |TAMS 0x0000000710600000, 0x0000000710600000| Untracked 
| 113|0x0000000710800000, 0x0000000710800000, 0x0000000710a00000|  0%| F|  |TAMS 0x0000000710800000, 0x0000000710800000| Untracked 
| 114|0x0000000710a00000, 0x0000000710bcdad8, 0x0000000710c00000| 90%| E|  |TAMS 0x0000000710a00000, 0x0000000710a00000| Complete 
| 115|0x0000000710c00000, 0x0000000710e00000, 0x0000000710e00000|100%| E|CS|TAMS 0x0000000710c00000, 0x0000000710c00000| Complete 
| 116|0x0000000710e00000, 0x0000000711000000, 0x0000000711000000|100%| E|CS|TAMS 0x0000000710e00000, 0x0000000710e00000| Complete 
| 117|0x0000000711000000, 0x0000000711200000, 0x0000000711200000|100%| E|CS|TAMS 0x0000000711000000, 0x0000000711000000| Complete 
| 118|0x0000000711200000, 0x0000000711400000, 0x0000000711400000|100%| E|CS|TAMS 0x0000000711200000, 0x0000000711200000| Complete 
| 119|0x0000000711400000, 0x0000000711600000, 0x0000000711600000|100%| E|CS|TAMS 0x0000000711400000, 0x0000000711400000| Complete 
| 120|0x0000000711600000, 0x0000000711800000, 0x0000000711800000|100%| E|CS|TAMS 0x0000000711600000, 0x0000000711600000| Complete 
| 121|0x0000000711800000, 0x0000000711a00000, 0x0000000711a00000|100%| E|CS|TAMS 0x0000000711800000, 0x0000000711800000| Complete 
| 122|0x0000000711a00000, 0x0000000711c00000, 0x0000000711c00000|100%| E|  |TAMS 0x0000000711a00000, 0x0000000711a00000| Complete 
| 123|0x0000000711c00000, 0x0000000711e00000, 0x0000000711e00000|100%| E|CS|TAMS 0x0000000711c00000, 0x0000000711c00000| Complete 
| 124|0x0000000711e00000, 0x0000000712000000, 0x0000000712000000|100%| E|CS|TAMS 0x0000000711e00000, 0x0000000711e00000| Complete 
| 125|0x0000000712000000, 0x0000000712200000, 0x0000000712200000|100%| E|CS|TAMS 0x0000000712000000, 0x0000000712000000| Complete 
| 126|0x0000000712200000, 0x0000000712400000, 0x0000000712400000|100%| E|CS|TAMS 0x0000000712200000, 0x0000000712200000| Complete 

Card table byte_map: [0x000002611af30000,0x000002611b720000] _byte_map_base: 0x000002611771d000

Marking Bits (Prev, Next): (CMBitMap*) 0x0000026103c610d0, (CMBitMap*) 0x0000026103c61110
 Prev Bits: [0x000002611bf10000, 0x000002611fe78000)
 Next Bits: [0x000002611fe80000, 0x0000026123de8000)

Polling page: 0x0000026101c10000

Metaspace:

Usage:
  Non-class:     16.18 MB used.
      Class:      2.50 MB used.
       Both:     18.69 MB used.

Virtual space:
  Non-class space:       24.00 MB reserved,      16.31 MB ( 68%) committed,  3 nodes.
      Class space:        1.00 GB reserved,       2.62 MB ( <1%) committed,  1 nodes.
             Both:        1.02 GB reserved,      18.94 MB (  2%) committed. 

Chunk freelists:
   Non-Class:  3.72 MB
       Class:  1.42 MB
        Both:  5.14 MB

MaxMetaspaceSize: unlimited
CompressedClassSpaceSize: 1.00 GB
Initial GC threshold: 21.00 MB
Current GC threshold: 21.00 MB
CDS: on
MetaspaceReclaimPolicy: balanced
 - commit_granule_bytes: 65536.
 - commit_granule_words: 8192.
 - virtual_space_node_default_size: 1048576.
 - enlarge_chunks_in_place: 1.
 - new_chunks_are_fully_committed: 0.
 - uncommit_free_chunks: 1.
 - use_allocation_guard: 0.
 - handle_deallocations: 1.


Internal statistics:

num_allocs_failed_limit: 0.
num_arena_births: 224.
num_arena_deaths: 0.
num_vsnodes_births: 4.
num_vsnodes_deaths: 0.
num_space_committed: 303.
num_space_uncommitted: 0.
num_chunks_returned_to_freelist: 0.
num_chunks_taken_from_freelist: 869.
num_chunk_merges: 0.
num_chunk_splits: 588.
num_chunks_enlarged: 462.
num_purges: 0.
num_inconsistent_stats: 0.

CodeHeap 'non-profiled nmethods': size=120000Kb used=1144Kb max_used=1144Kb free=118855Kb
 bounds [0x0000026112ee0000, 0x0000026113150000, 0x000002611a410000]
CodeHeap 'profiled nmethods': size=120000Kb used=4895Kb max_used=4895Kb free=115104Kb
 bounds [0x000002610b9b0000, 0x000002610be80000, 0x0000026112ee0000]
CodeHeap 'non-nmethods': size=5760Kb used=1182Kb max_used=1286Kb free=4577Kb
 bounds [0x000002610b410000, 0x000002610b680000, 0x000002610b9b0000]
 total_blobs=2921 nmethods=2446 adapters=387
 compilation: enabled
              stopped_count=0, restarted_count=0
 full_count=0

Compilation events (20 events):
Event: 3.040 Thread 0x0000026127408230 2405       1       org.springframework.core.type.classreading.SimpleAnnotationMetadata::getClassName (5 bytes)
Event: 3.040 Thread 0x0000026127408230 nmethod 2405 0x0000026112ffa410 code [0x0000026112ffa5a0, 0x0000026112ffa678]
Event: 3.040 Thread 0x0000026127408230 2407       3       jdk.internal.loader.BuiltinClassLoader$2::<init> (15 bytes)
Event: 3.040 Thread 0x0000026127408230 nmethod 2407 0x000002610be58d10 code [0x000002610be58ec0, 0x000002610be590f8]
Event: 3.040 Thread 0x0000026127408230 2408       3       jdk.internal.loader.BuiltinClassLoader$2::run (5 bytes)
Event: 3.041 Thread 0x0000026127408230 nmethod 2408 0x000002610be59190 code [0x000002610be59340, 0x000002610be59488]
Event: 3.044 Thread 0x0000026127408230 2410       3       jdk.internal.loader.BuiltinClassLoader::checkURL (5 bytes)
Event: 3.044 Thread 0x0000026127408230 nmethod 2410 0x000002610be59510 code [0x000002610be596c0, 0x000002610be598c8]
Event: 3.044 Thread 0x0000026127408230 2411   !   3       jdk.internal.loader.URLClassPath::checkURL (16 bytes)
Event: 3.045 Thread 0x0000026127408230 nmethod 2411 0x000002610be59990 code [0x000002610be59b40, 0x000002610be59d08]
Event: 3.045 Thread 0x0000026127408230 2412       1       java.net.URLConnection::getUseCaches (5 bytes)
Event: 3.045 Thread 0x0000026127408230 nmethod 2412 0x0000026112ffa710 code [0x0000026112ffa8a0, 0x0000026112ffa978]
Event: 3.045 Thread 0x0000026127408230 2413   !   3       sun.net.www.ParseUtil::decode (317 bytes)
Event: 3.050 Thread 0x0000026127408230 nmethod 2413 0x000002610be59e10 code [0x000002610be5a3c0, 0x000002610be5d258]
Event: 3.050 Thread 0x0000026127408230 2415       3       org.springframework.core.annotation.AbstractMergedAnnotation::<init> (5 bytes)
Event: 3.050 Thread 0x0000026127408230 nmethod 2415 0x000002610be5e490 code [0x000002610be5e620, 0x000002610be5e778]
Event: 3.050 Thread 0x0000026127408230 2414       1       org.springframework.core.type.classreading.SimpleMetadataReader::getAnnotationMetadata (5 bytes)
Event: 3.050 Thread 0x0000026127408230 nmethod 2414 0x0000026112ffaa10 code [0x0000026112ffaba0, 0x0000026112ffac78]
Event: 3.054 Thread 0x0000026127408230 2416       3       org.springframework.core.annotation.TypeMappedAnnotation::getType (8 bytes)
Event: 3.054 Thread 0x0000026127408230 nmethod 2416 0x000002610be5e810 code [0x000002610be5e9a0, 0x000002610be5ead8]

GC Heap History (6 events):
Event: 0.750 GC heap before
{Heap before GC invocations=0 (full 0):
 garbage-first heap   total 260096K, used 22528K [0x0000000702600000, 0x0000000800000000)
  region size 2048K, 11 young (22528K), 0 survivors (0K)
 Metaspace       used 4140K, committed 4288K, reserved 1056768K
  class space    used 476K, committed 576K, reserved 1048576K
}
Event: 0.756 GC heap after
{Heap after GC invocations=1 (full 0):
 garbage-first heap   total 260096K, used 7471K [0x0000000702600000, 0x0000000800000000)
  region size 2048K, 2 young (4096K), 2 survivors (4096K)
 Metaspace       used 4140K, committed 4288K, reserved 1056768K
  class space    used 476K, committed 576K, reserved 1048576K
}
Event: 1.487 GC heap before
{Heap before GC invocations=1 (full 0):
 garbage-first heap   total 260096K, used 29999K [0x0000000702600000, 0x0000000800000000)
  region size 2048K, 13 young (26624K), 2 survivors (4096K)
 Metaspace       used 9367K, committed 9600K, reserved 1064960K
  class space    used 1163K, committed 1280K, reserved 1048576K
}
Event: 1.492 GC heap after
{Heap after GC invocations=2 (full 0):
 garbage-first heap   total 260096K, used 8742K [0x0000000702600000, 0x0000000800000000)
  region size 2048K, 1 young (2048K), 1 survivors (2048K)
 Metaspace       used 9367K, committed 9600K, reserved 1064960K
  class space    used 1163K, committed 1280K, reserved 1048576K
}
Event: 2.813 GC heap before
{Heap before GC invocations=2 (full 0):
 garbage-first heap   total 260096K, used 72230K [0x0000000702600000, 0x0000000800000000)
  region size 2048K, 33 young (67584K), 1 survivors (2048K)
 Metaspace       used 17071K, committed 17408K, reserved 1064960K
  class space    used 2334K, committed 2496K, reserved 1048576K
}
Event: 2.819 GC heap after
{Heap after GC invocations=3 (full 0):
 garbage-first heap   total 260096K, used 11359K [0x0000000702600000, 0x0000000800000000)
  region size 2048K, 2 young (4096K), 2 survivors (4096K)
 Metaspace       used 17071K, committed 17408K, reserved 1064960K
  class space    used 2334K, committed 2496K, reserved 1048576K
}

Deoptimization events (20 events):
Event: 2.963 Thread 0x0000026103c0cbd0 Uncommon trap: trap_request=0xffffff45 fr.pc=0x0000026112fed520 relative=0x0000000000001080
Event: 2.963 Thread 0x0000026103c0cbd0 Uncommon trap: reason=unstable_if action=reinterpret pc=0x0000026112fed520 method=java.util.concurrent.ConcurrentHashMap.putVal(Ljava/lang/Object;Ljava/lang/Object;Z)Ljava/lang/Object; @ 112 c2
Event: 2.963 Thread 0x0000026103c0cbd0 DEOPT PACKING pc=0x0000026112fed520 sp=0x000000faf88fac20
Event: 2.963 Thread 0x0000026103c0cbd0 DEOPT UNPACKING pc=0x000002610b4623a3 sp=0x000000faf88fabb0 mode 2
Event: 2.963 Thread 0x0000026103c0cbd0 Uncommon trap: trap_request=0xffffff45 fr.pc=0x0000026112feaf34 relative=0x00000000000014d4
Event: 2.963 Thread 0x0000026103c0cbd0 Uncommon trap: reason=unstable_if action=reinterpret pc=0x0000026112feaf34 method=java.util.concurrent.ConcurrentHashMap.transfer([Ljava/util/concurrent/ConcurrentHashMap$Node;[Ljava/util/concurrent/ConcurrentHashMap$Node;)V @ 34 c2
Event: 2.963 Thread 0x0000026103c0cbd0 DEOPT PACKING pc=0x0000026112feaf34 sp=0x000000faf88faa40
Event: 2.964 Thread 0x0000026103c0cbd0 DEOPT UNPACKING pc=0x000002610b4623a3 sp=0x000000faf88fa9f0 mode 2
Event: 2.964 Thread 0x0000026103c0cbd0 Uncommon trap: trap_request=0xffffff45 fr.pc=0x0000026112fbdd30 relative=0x00000000000012d0
Event: 2.964 Thread 0x0000026103c0cbd0 Uncommon trap: reason=unstable_if action=reinterpret pc=0x0000026112fbdd30 method=java.util.concurrent.ConcurrentHashMap.transfer([Ljava/util/concurrent/ConcurrentHashMap$Node;[Ljava/util/concurrent/ConcurrentHashMap$Node;)V @ 273 c2
Event: 2.964 Thread 0x0000026103c0cbd0 DEOPT PACKING pc=0x0000026112fbdd30 sp=0x000000faf88faa60
Event: 2.964 Thread 0x0000026103c0cbd0 DEOPT UNPACKING pc=0x000002610b4623a3 sp=0x000000faf88fa9e8 mode 2
Event: 2.964 Thread 0x0000026103c0cbd0 Uncommon trap: trap_request=0xffffff45 fr.pc=0x0000026112fd6274 relative=0x00000000000001b4
Event: 2.964 Thread 0x0000026103c0cbd0 Uncommon trap: reason=unstable_if action=reinterpret pc=0x0000026112fd6274 method=java.util.concurrent.ConcurrentHashMap.addCount(JI)V @ 171 c2
Event: 2.964 Thread 0x0000026103c0cbd0 DEOPT PACKING pc=0x0000026112fd6274 sp=0x000000faf88fab80
Event: 2.965 Thread 0x0000026103c0cbd0 DEOPT UNPACKING pc=0x000002610b4623a3 sp=0x000000faf88faae0 mode 2
Event: 3.041 Thread 0x0000026103c0cbd0 Uncommon trap: trap_request=0xffffffde fr.pc=0x0000026112f89fe4 relative=0x0000000000000804
Event: 3.041 Thread 0x0000026103c0cbd0 Uncommon trap: reason=class_check action=maybe_recompile pc=0x0000026112f89fe4 method=java.util.HashMap.putVal(ILjava/lang/Object;Ljava/lang/Object;ZZ)Ljava/lang/Object; @ 203 c2
Event: 3.041 Thread 0x0000026103c0cbd0 DEOPT PACKING pc=0x0000026112f89fe4 sp=0x000000faf88fbd20
Event: 3.041 Thread 0x0000026103c0cbd0 DEOPT UNPACKING pc=0x000002610b4623a3 sp=0x000000faf88fbca0 mode 2

Classes unloaded (0 events):
No events

Classes redefined (0 events):
No events

Internal exceptions (20 events):
Event: 1.936 Thread 0x0000026103c0cbd0 Exception <a 'java/lang/NoSuchMethodError'{0x0000000711982460}: 'java.lang.Object java.lang.invoke.DirectMethodHandle$Holder.newInvokeSpecial(java.lang.Object, int, java.lang.Object)'> (0x0000000711982460) 
thrown [t:\workspace\open\src\hotspot\share\interpreter\linkResolver.cpp, line 766]
Event: 2.001 Thread 0x0000026103c0cbd0 Exception <a 'java/lang/NoSuchMethodError'{0x00000007116c5fd0}: 'void java.lang.invoke.DirectMethodHandle$Holder.invokeStatic(java.lang.Object, java.lang.Object)'> (0x00000007116c5fd0) 
thrown [t:\workspace\open\src\hotspot\share\interpreter\linkResolver.cpp, line 766]
Event: 2.002 Thread 0x0000026103c0cbd0 Exception <a 'java/lang/NoSuchMethodError'{0x00000007116c9b20}: 'void java.lang.invoke.DirectMethodHandle$Holder.invokeStaticInit(java.lang.Object, java.lang.Object)'> (0x00000007116c9b20) 
thrown [t:\workspace\open\src\hotspot\share\interpreter\linkResolver.cpp, line 766]
Event: 2.201 Thread 0x0000026103c0cbd0 Exception <a 'java/lang/NoSuchMethodError'{0x00000007115a22f0}: 'void java.lang.invoke.DelegatingMethodHandle$Holder.delegate(java.lang.Object, java.lang.Object, int, java.lang.Object)'> (0x00000007115a22f0) 
thrown [t:\workspace\open\src\hotspot\share\interpreter\linkResolver.cpp, line 766]
Event: 2.593 Thread 0x0000026103c0cbd0 Exception <a 'java/lang/ClassNotFoundException'{0x00000007102ad448}: java/lang/ObjectCustomizer> (0x00000007102ad448) 
thrown [t:\workspace\open\src\hotspot\share\classfile\systemDictionary.cpp, line 256]
Event: 2.603 Thread 0x0000026103c0cbd0 Exception <a 'java/lang/ClassNotFoundException'{0x00000007102c6e18}: org/springframework/context/annotation/ConfigurationClassPostProcessorCustomizer> (0x00000007102c6e18) 
thrown [t:\workspace\open\src\hotspot\share\classfile\systemDictionary.cpp, line 256]
Event: 2.609 Thread 0x0000026103c0cbd0 Exception <a 'java/lang/ClassNotFoundException'{0x00000007102df988}: org/springframework/beans/factory/support/BeanDefinitionRegistryPostProcessorCustomizer> (0x00000007102df988) 
thrown [t:\workspace\open\src\hotspot\share\classfile\systemDictionary.cpp, line 256]
Event: 2.610 Thread 0x0000026103c0cbd0 Exception <a 'java/lang/ClassNotFoundException'{0x00000007102e7388}: org/springframework/beans/factory/config/BeanFactoryPostProcessorCustomizer> (0x00000007102e7388) 
thrown [t:\workspace\open\src\hotspot\share\classfile\systemDictionary.cpp, line 256]
Event: 2.611 Thread 0x0000026103c0cbd0 Exception <a 'java/lang/ClassNotFoundException'{0x00000007102ee9d0}: org/springframework/core/PriorityOrderedCustomizer> (0x00000007102ee9d0) 
thrown [t:\workspace\open\src\hotspot\share\classfile\systemDictionary.cpp, line 256]
Event: 2.612 Thread 0x0000026103c0cbd0 Exception <a 'java/lang/ClassNotFoundException'{0x00000007102f4bf0}: org/springframework/core/OrderedCustomizer> (0x00000007102f4bf0) 
thrown [t:\workspace\open\src\hotspot\share\classfile\systemDictionary.cpp, line 256]
Event: 2.613 Thread 0x0000026103c0cbd0 Exception <a 'java/lang/ClassNotFoundException'{0x00000007102fc128}: org/springframework/context/ResourceLoaderAwareCustomizer> (0x00000007102fc128) 
thrown [t:\workspace\open\src\hotspot\share\classfile\systemDictionary.cpp, line 256]
Event: 2.614 Thread 0x0000026103c0cbd0 Exception <a 'java/lang/ClassNotFoundException'{0x0000000710303758}: org/springframework/beans/factory/AwareCustomizer> (0x0000000710303758) 
thrown [t:\workspace\open\src\hotspot\share\classfile\systemDictionary.cpp, line 256]
Event: 2.615 Thread 0x0000026103c0cbd0 Exception <a 'java/lang/ClassNotFoundException'{0x0000000710309e10}: org/springframework/context/ApplicationStartupAwareCustomizer> (0x0000000710309e10) 
thrown [t:\workspace\open\src\hotspot\share\classfile\systemDictionary.cpp, line 256]
Event: 2.615 Thread 0x0000026103c0cbd0 Exception <a 'java/lang/ClassNotFoundException'{0x00000007103116c8}: org/springframework/beans/factory/AwareCustomizer> (0x00000007103116c8) 
thrown [t:\workspace\open\src\hotspot\share\classfile\systemDictionary.cpp, line 256]
Event: 2.616 Thread 0x0000026103c0cbd0 Exception <a 'java/lang/ClassNotFoundException'{0x0000000710317df8}: org/springframework/beans/factory/BeanClassLoaderAwareCustomizer> (0x0000000710317df8) 
thrown [t:\workspace\open\src\hotspot\share\classfile\systemDictionary.cpp, line 256]
Event: 2.617 Thread 0x0000026103c0cbd0 Exception <a 'java/lang/ClassNotFoundException'{0x000000071031f410}: org/springframework/beans/factory/AwareCustomizer> (0x000000071031f410) 
thrown [t:\workspace\open\src\hotspot\share\classfile\systemDictionary.cpp, line 256]
Event: 2.618 Thread 0x0000026103c0cbd0 Exception <a 'java/lang/ClassNotFoundException'{0x0000000710325860}: org/springframework/context/EnvironmentAwareCustomizer> (0x0000000710325860) 
thrown [t:\workspace\open\src\hotspot\share\classfile\systemDictionary.cpp, line 256]
Event: 2.619 Thread 0x0000026103c0cbd0 Exception <a 'java/lang/ClassNotFoundException'{0x000000071032ce10}: org/springframework/beans/factory/AwareCustomizer> (0x000000071032ce10) 
thrown [t:\workspace\open\src\hotspot\share\classfile\systemDictionary.cpp, line 256]
Event: 2.914 Thread 0x0000026103c0cbd0 Exception <a 'java/lang/IncompatibleClassChangeError'{0x00000007110774a8}: Found class java.lang.Object, but interface was expected> (0x00000007110774a8) 
thrown [t:\workspace\open\src\hotspot\share\interpreter\linkResolver.cpp, line 833]
Event: 2.977 Thread 0x0000026128f83790 Exception <a 'java/lang/NoSuchMethodError'{0x0000000710e90868}: 'java.lang.Object java.lang.invoke.DirectMethodHandle$Holder.invokeStaticInit(java.lang.Object, java.lang.Object, java.lang.Object, java.lang.Object, java.lang.Object)'> (0x0000000710e90868) 
thrown [t:\workspace\open\src\hotspot\share\interpreter\linkResolver.cpp, line 766]

VM Operations (20 events):
Event: 1.487 Executing VM operation: G1CollectForAllocation
Event: 1.492 Executing VM operation: G1CollectForAllocation done
Event: 1.576 Executing VM operation: HandshakeAllThreads
Event: 1.576 Executing VM operation: HandshakeAllThreads done
Event: 1.906 Executing VM operation: HandshakeAllThreads
Event: 1.906 Executing VM operation: HandshakeAllThreads done
Event: 1.959 Executing VM operation: HandshakeAllThreads
Event: 1.959 Executing VM operation: HandshakeAllThreads done
Event: 2.198 Executing VM operation: HandshakeAllThreads
Event: 2.198 Executing VM operation: HandshakeAllThreads done
Event: 2.248 Executing VM operation: ICBufferFull
Event: 2.252 Executing VM operation: ICBufferFull done
Event: 2.546 Executing VM operation: HandshakeAllThreads
Event: 2.546 Executing VM operation: HandshakeAllThreads done
Event: 2.573 Executing VM operation: HandshakeAllThreads
Event: 2.573 Executing VM operation: HandshakeAllThreads done
Event: 2.641 Executing VM operation: HandshakeAllThreads
Event: 2.641 Executing VM operation: HandshakeAllThreads done
Event: 2.813 Executing VM operation: G1CollectForAllocation
Event: 2.819 Executing VM operation: G1CollectForAllocation done

Events (20 events):
Event: 3.018 loading class jdk/xml/internal/JdkProperty$ImplPropMap
Event: 3.018 loading class jdk/xml/internal/JdkProperty$ImplPropMap done
Event: 3.018 loading class jdk/xml/internal/JdkProperty$State
Event: 3.018 loading class jdk/xml/internal/JdkProperty$State done
Event: 3.019 loading class com/sun/org/apache/xalan/internal/utils/XMLSecurityPropertyManager
Event: 3.019 loading class com/sun/org/apache/xalan/internal/utils/FeaturePropertyBase
Event: 3.019 loading class com/sun/org/apache/xalan/internal/utils/FeaturePropertyBase done
Event: 3.019 loading class com/sun/org/apache/xalan/internal/utils/XMLSecurityPropertyManager done
Event: 3.019 loading class com/sun/org/apache/xalan/internal/utils/FeaturePropertyBase$State
Event: 3.019 loading class com/sun/org/apache/xalan/internal/utils/FeaturePropertyBase$State done
Event: 3.019 loading class com/sun/org/apache/xalan/internal/utils/XMLSecurityPropertyManager$Property
Event: 3.019 loading class com/sun/org/apache/xalan/internal/utils/XMLSecurityPropertyManager$Property done
Event: 3.019 loading class com/sun/org/apache/xalan/internal/utils/XMLSecurityManager
Event: 3.019 loading class com/sun/org/apache/xalan/internal/utils/XMLSecurityManager done
Event: 3.019 loading class com/sun/org/apache/xalan/internal/utils/XMLSecurityManager$Limit
Event: 3.019 loading class com/sun/org/apache/xalan/internal/utils/XMLSecurityManager$Limit done
Event: 3.019 loading class com/sun/org/apache/xalan/internal/utils/XMLSecurityManager$NameMap
Event: 3.020 loading class com/sun/org/apache/xalan/internal/utils/XMLSecurityManager$NameMap done
Event: 3.020 loading class jdk/xml/internal/JdkProperty
Event: 3.020 loading class jdk/xml/internal/JdkProperty done


Dynamic libraries:
0x00007ff742990000 - 0x00007ff74299e000 	C:\Users\Admin\.jdks\openjdk-17.0.1\bin\java.exe
0x00007ff957230000 - 0x00007ff957425000 	C:\WINDOWS\SYSTEM32\ntdll.dll
0x00007ff9553c0000 - 0x00007ff95547e000 	C:\WINDOWS\System32\KERNEL32.DLL
0x00007ff954b90000 - 0x00007ff954e58000 	C:\WINDOWS\System32\KERNELBASE.dll
0x00007ff9549d0000 - 0x00007ff954ad0000 	C:\WINDOWS\System32\ucrtbase.dll
0x00007ff937db0000 - 0x00007ff937dc8000 	C:\Users\Admin\.jdks\openjdk-17.0.1\bin\jli.dll
0x00007ff92d680000 - 0x00007ff92d69a000 	C:\Users\Admin\.jdks\openjdk-17.0.1\bin\VCRUNTIME140.dll
0x00007ff956910000 - 0x00007ff956ab1000 	C:\WINDOWS\System32\USER32.dll
0x00007ff93ff00000 - 0x00007ff94019a000 	C:\WINDOWS\WinSxS\amd64_microsoft.windows.common-controls_6595b64144ccf1df_6.0.19041.1110_none_60b5254171f9507e\COMCTL32.dll
0x00007ff954940000 - 0x00007ff954962000 	C:\WINDOWS\System32\win32u.dll
0x00007ff955750000 - 0x00007ff9557ee000 	C:\WINDOWS\System32\msvcrt.dll
0x00007ff9557f0000 - 0x00007ff95581b000 	C:\WINDOWS\System32\GDI32.dll
0x00007ff954f10000 - 0x00007ff95501d000 	C:\WINDOWS\System32\gdi32full.dll
0x00007ff955070000 - 0x00007ff95510d000 	C:\WINDOWS\System32\msvcp_win.dll
0x00007ff956130000 - 0x00007ff956160000 	C:\WINDOWS\System32\IMM32.DLL
0x00007ff9514d0000 - 0x00007ff9514dc000 	C:\Users\Admin\.jdks\openjdk-17.0.1\bin\vcruntime140_1.dll
0x00007ff913c30000 - 0x00007ff913cbd000 	C:\Users\Admin\.jdks\openjdk-17.0.1\bin\msvcp140.dll
0x00007ff8d11b0000 - 0x00007ff8d1d6e000 	C:\Users\Admin\.jdks\openjdk-17.0.1\bin\server\jvm.dll
0x00007ff956fa0000 - 0x00007ff95704c000 	C:\WINDOWS\System32\ADVAPI32.dll
0x00007ff955530000 - 0x00007ff9555cb000 	C:\WINDOWS\System32\sechost.dll
0x00007ff9570c0000 - 0x00007ff9571ea000 	C:\WINDOWS\System32\RPCRT4.dll
0x00007ff9570b0000 - 0x00007ff9570b8000 	C:\WINDOWS\System32\PSAPI.DLL
0x00007ff936fa0000 - 0x00007ff936fa9000 	C:\WINDOWS\SYSTEM32\WSOCK32.dll
0x00007ff93fe90000 - 0x00007ff93feb7000 	C:\WINDOWS\SYSTEM32\WINMM.dll
0x00007ff94e9f0000 - 0x00007ff94e9fa000 	C:\WINDOWS\SYSTEM32\VERSION.dll
0x00007ff956f30000 - 0x00007ff956f9b000 	C:\WINDOWS\System32\WS2_32.dll
0x00007ff9527f0000 - 0x00007ff952802000 	C:\WINDOWS\SYSTEM32\kernel.appcore.dll
0x00007ff94f450000 - 0x00007ff94f45a000 	C:\Users\Admin\.jdks\openjdk-17.0.1\bin\jimage.dll
0x00007ff93b8f0000 - 0x00007ff93bad4000 	C:\WINDOWS\SYSTEM32\DBGHELP.DLL
0x00007ff938420000 - 0x00007ff93844c000 	C:\WINDOWS\SYSTEM32\dbgcore.DLL
0x00007ff954ad0000 - 0x00007ff954b52000 	C:\WINDOWS\System32\bcryptPrimitives.dll
0x00007ff92acf0000 - 0x00007ff92ad15000 	C:\Users\Admin\.jdks\openjdk-17.0.1\bin\java.dll
0x00007ff8f6d60000 - 0x00007ff8f6e36000 	C:\Users\Admin\.jdks\openjdk-17.0.1\bin\svml.dll
0x00007ff956160000 - 0x00007ff9568a4000 	C:\WINDOWS\System32\SHELL32.dll
0x00007ff9529f0000 - 0x00007ff953184000 	C:\WINDOWS\SYSTEM32\windows.storage.dll
0x00007ff955dd0000 - 0x00007ff956125000 	C:\WINDOWS\System32\combase.dll
0x00007ff9542b0000 - 0x00007ff9542de000 	C:\WINDOWS\SYSTEM32\Wldp.dll
0x00007ff955480000 - 0x00007ff95552d000 	C:\WINDOWS\System32\SHCORE.dll
0x00007ff956e20000 - 0x00007ff956e75000 	C:\WINDOWS\System32\shlwapi.dll
0x00007ff954880000 - 0x00007ff95489f000 	C:\WINDOWS\SYSTEM32\profapi.dll
0x00007ff92b090000 - 0x00007ff92b0a9000 	C:\Users\Admin\.jdks\openjdk-17.0.1\bin\net.dll
0x00007ff94da40000 - 0x00007ff94db4c000 	C:\WINDOWS\SYSTEM32\WINHTTP.dll
0x00007ff954090000 - 0x00007ff9540fa000 	C:\WINDOWS\system32\mswsock.dll
0x00007ff92af30000 - 0x00007ff92af45000 	C:\Users\Admin\.jdks\openjdk-17.0.1\bin\nio.dll
0x00007ff92a6a0000 - 0x00007ff92a6b8000 	C:\Users\Admin\.jdks\openjdk-17.0.1\bin\zip.dll
0x00007ff9385b0000 - 0x00007ff9385b9000 	C:\Users\Admin\.jdks\openjdk-17.0.1\bin\management.dll
0x00007ff938170000 - 0x00007ff93817b000 	C:\Users\Admin\.jdks\openjdk-17.0.1\bin\management_ext.dll
0x00007ff93d360000 - 0x00007ff93d370000 	C:\Users\Admin\.jdks\openjdk-17.0.1\bin\verify.dll
0x00007ff91fa00000 - 0x00007ff91fa17000 	C:\WINDOWS\system32\napinsp.dll
0x00007ff91f9e0000 - 0x00007ff91f9fb000 	C:\WINDOWS\system32\pnrpnsp.dll
0x00007ff94f750000 - 0x00007ff94f765000 	C:\WINDOWS\system32\wshbth.dll
0x00007ff951350000 - 0x00007ff95136d000 	C:\WINDOWS\system32\NLAapi.dll
0x00007ff953d50000 - 0x00007ff953d8b000 	C:\WINDOWS\SYSTEM32\IPHLPAPI.DLL
0x00007ff953d90000 - 0x00007ff953e5b000 	C:\WINDOWS\SYSTEM32\DNSAPI.dll
0x00007ff955740000 - 0x00007ff955748000 	C:\WINDOWS\System32\NSI.dll
0x00007ff91f690000 - 0x00007ff91f6a2000 	C:\WINDOWS\System32\winrnr.dll
0x00007ff94e060000 - 0x00007ff94e06a000 	C:\Windows\System32\rasadhlp.dll
0x00007ff94aff0000 - 0x00007ff94b06f000 	C:\WINDOWS\System32\fwpuclnt.dll
0x00007ff954b60000 - 0x00007ff954b87000 	C:\WINDOWS\System32\bcrypt.dll

dbghelp: loaded successfully - version: 4.0.5 - missing functions: none
symbol engine: initialized successfully - sym options: 0x614 - pdb path: .;C:\Users\Admin\.jdks\openjdk-17.0.1\bin;C:\WINDOWS\SYSTEM32;C:\WINDOWS\WinSxS\amd64_microsoft.windows.common-controls_6595b64144ccf1df_6.0.19041.1110_none_60b5254171f9507e;C:\Users\Admin\.jdks\openjdk-17.0.1\bin\server

VM Arguments:
java_command: C:\Users\Admin\AppData\Local\Temp\surefire6846557372726962351\surefirebooter8939421995281343805.jar C:\Users\Admin\AppData\Local\Temp\surefire6846557372726962351 2021-12-27T11-55-35_200-jvmRun1 surefire6619566449550965924tmp surefire_0512674926886259349tmp
java_class_path (initial): C:\Users\Admin\AppData\Local\Temp\surefire6846557372726962351\surefirebooter8939421995281343805.jar
Launcher Type: SUN_STANDARD

[Global flags]
     intx CICompilerCount                          = 4                                         {product} {ergonomic}
     uint ConcGCThreads                            = 2                                         {product} {ergonomic}
     uint G1ConcRefinementThreads                  = 8                                         {product} {ergonomic}
   size_t G1HeapRegionSize                         = 2097152                                   {product} {ergonomic}
    uintx GCDrainStackTargetSize                   = 64                                        {product} {ergonomic}
   size_t InitialHeapSize                          = 266338304                                 {product} {ergonomic}
   size_t MarkStackSize                            = 4194304                                   {product} {ergonomic}
   size_t MaxHeapSize                              = 4255121408                                {product} {ergonomic}
   size_t MaxNewSize                               = 2552233984                                {product} {ergonomic}
   size_t MinHeapDeltaBytes                        = 2097152                                   {product} {ergonomic}
   size_t MinHeapSize                              = 8388608                                   {product} {ergonomic}
    uintx NonNMethodCodeHeapSize                   = 5839372                                {pd product} {ergonomic}
    uintx NonProfiledCodeHeapSize                  = 122909434                              {pd product} {ergonomic}
    uintx ProfiledCodeHeapSize                     = 122909434                              {pd product} {ergonomic}
    uintx ReservedCodeCacheSize                    = 251658240                              {pd product} {ergonomic}
     bool SegmentedCodeCache                       = true                                      {product} {ergonomic}
   size_t SoftMaxHeapSize                          = 4255121408                             {manageable} {ergonomic}
     bool UseCompressedClassPointers               = true                           {product lp64_product} {ergonomic}
     bool UseCompressedOops                        = true                           {product lp64_product} {ergonomic}
     bool UseG1GC                                  = true                                      {product} {ergonomic}
     bool UseLargePagesIndividualAllocation        = false                                  {pd product} {ergonomic}

Logging:
Log output configuration:
 #0: stdout all=warning uptime,level,tags
 #1: stderr all=off uptime,level,tags

Environment Variables:
PATH=C:\PROGRA~2\Borland\CBUILD~1\Bin;C:\PROGRA~2\Borland\CBUILD~1\Projects\Bpl;C:\Program Files (x86)\Embarcadero\Studio\20.0\bin;C:\Users\Public\Documents\Embarcadero\Studio\20.0\Bpl;C:\Program Files (x86)\Embarcadero\Studio\20.0\bin64;C:\Users\Public\Documents\Embarcadero\Studio\20.0\Bpl\Win64;C:\Program Files (x86)\Common Files\Oracle\Java\javapath;C:\Windows\system32;C:\Windows;C:\Windows\System32\Wbem;C:\Windows\System32\WindowsPowerShell\v1.0\;C:\Windows\System32\OpenSSH\;C:\Program Files\Intel\WiFi\bin\;C:\Program Files\Common Files\Intel\WirelessCommon\;C:\Program Files\NVIDIA Corporation\NVIDIA NvDLISR;C:\Program Files (x86)\NVIDIA Corporation\PhysX\Common;C:\WINDOWS\system32;C:\WINDOWS;C:\WINDOWS\System32\Wbem;C:\WINDOWS\System32\WindowsPowerShell\v1.0\;C:\WINDOWS\System32\OpenSSH\;C:\Program Files\Git\cmd;C:\Program Files\Docker\Docker\resources\bin;C:\ProgramData\DockerDesktop\version-bin;C:\Users\Admin\AppData\Local\Programs\Python\Python310\Scripts\;C:\Users\Admin\AppData\Local\Programs\Python\Python310\;C:\Users\Admin\AppData\Local\Microsoft\WindowsApps;C:\Program Files\Intel\WiFi\bin\;C:\Program Files\Common Files\Intel\WirelessCommon\;C:\Users\Admin\Desktop\ 3 \ \project\Lib\site-packages\pip;;C:\Program Files\JetBrains\IntelliJ IDEA 2021.3\bin;
USERNAME=Admin
OS=Windows_NT
PROCESSOR_IDENTIFIER=Intel64 Family 6 Model 158 Stepping 10, GenuineIntel



---------------  S Y S T E M  ---------------

OS:
 Windows 10 , 64 bit Build 19041 (10.0.19041.1348)
OS uptime: 0 days 1:37 hours
Hyper-V role detected

CPU: total 8 (initial active 8) (4 cores per cpu, 2 threads per core) family 6 model 158 stepping 10 microcode 0xb4, cx8, cmov, fxsr, ht, mmx, 3dnowpref, sse, sse2, sse3, ssse3, sse4.1, sse4.2, popcnt, lzcnt, tsc, tscinvbit, avx, avx2, aes, erms, clmul, bmi1, bmi2, adx, fma, vzeroupper, clflush, clflushopt, hv

Memory: 4k page, system-wide physical 16228M (3183M free)
TotalPageFile size 18276M (AvailPageFile size 11M)
current process WorkingSet (physical memory assigned to process): 182M, peak: 182M
current process commit charge ("private bytes"): 408M, peak: 413M

vm_info: OpenJDK 64-Bit Server VM (17.0.1+12-39) for windows-amd64 JRE (17.0.1+12-39), built on Sep 27 2021 18:39:29 by "mach5one" with MS VC++ 16.8 (VS2019)

END.
